============================= test session starts =============================
platform win32 -- Python 3.13.5, pytest-8.4.1, pluggy-1.6.0 -- C:\Users\PC IT\AppData\Local\Programs\Python\Python313\python.exe
cachedir: .pytest_cache
rootdir: C:\Users\PC IT\Desktop\Aplicaciones\Programaciones\backend\ApiSchedule
plugins: anyio-4.10.0, asyncio-1.1.0, cov-6.2.1
asyncio: mode=Mode.STRICT, asyncio_default_fixture_loop_scope=None, asyncio_default_test_loop_scope=function
collecting ... collected 3 items

app/tests/verify_quantity_fix.py::test_update_task_real_quantity_success FAILED [ 33%]
app/tests/verify_quantity_fix.py::test_toggle_task_status_success FAILED [ 66%]
app/tests/verify_quantity_fix.py::test_update_task_real_quantity_not_found FAILED [100%]

================================== FAILURES ===================================
___________________ test_update_task_real_quantity_success ____________________

client = <starlette.testclient.TestClient object at 0x000002090C2F2270>
admin_auth_headers = {'Authorization': 'Bearer eyJhbGciOiJIUzI1NiIsInR5cCI6IkpXVCJ9.eyJzdWIiOiI1MjE4Y2VlNC00OTkyLTQ3OTYtOGM1NC0xNGRlMzJlYmEwZTQiLCJleHAiOjE3NzMzMjY1NjV9.d7MQHTPEtq8Sg_zKBNXHQcOga3iMGw_4VxD6FleS6z0'}
test_programming = <app.modules.programming.models.programming.Programming object at 0x000002090C39ECF0>
test_task = <app.modules.programming.models.task.Task object at 0x000002090C39F230>
db = <sqlalchemy.orm.session.Session object at 0x000002090C39D2B0>

    def test_update_task_real_quantity_success(client: TestClient, admin_auth_headers: dict,
                                            test_programming: Programming, test_task: Task, db: Session):
        """Test updating task real quantity in a programming."""
        # Create association
        pt = ProgrammingTask(
            programming_id=test_programming.id,
            task_id=test_task.id,
            order=1
        )
        db.add(pt)
        db.commit()
    
        url = f"/api/v1/programmings/{test_programming.id}/tasks/{test_task.id}/quantity"
        payload = {"real_quantity": 75.5}
    
        response = client.patch(url, json=payload, headers=admin_auth_headers)
    
>       assert response.status_code == 200
E       assert 503 == 200
E        +  where 503 = <Response [503 Service Unavailable]>.status_code

app\tests\verify_quantity_fix.py:25: AssertionError
---------------------------- Captured stdout setup ----------------------------
[32m2026-03-11 08:42:44,636 - app.main - INFO - Iniciando ApiSchedule v1.0.0 en development[0m
[32m2026-03-11 08:42:44,638 - app.metrics - INFO - Recolector de mÚtricas del sistema iniciado[0m
[32m2026-03-11 08:42:44,638 - app.main - INFO - Sistema de mÚtricas inicializado[0m
[32m2026-03-11 08:42:44,641 - sqlalchemy.engine.Engine - INFO - BEGIN (implicit)[0m
[32m2026-03-11 08:42:44,642 - sqlalchemy.engine.Engine - INFO - PRAGMA main.table_info("users")[0m
[32m2026-03-11 08:42:44,642 - sqlalchemy.engine.Engine - INFO - [raw sql] ()[0m
[32m2026-03-11 08:42:44,643 - sqlalchemy.engine.Engine - INFO - PRAGMA temp.table_info("users")[0m
[32m2026-03-11 08:42:44,647 - sqlalchemy.engine.Engine - INFO - [raw sql] ()[0m
[32m2026-03-11 08:42:44,647 - sqlalchemy.engine.Engine - INFO - PRAGMA main.table_info("daily_available")[0m
[32m2026-03-11 08:42:44,648 - sqlalchemy.engine.Engine - INFO - [raw sql] ()[0m
[32m2026-03-11 08:42:44,648 - sqlalchemy.engine.Engine - INFO - PRAGMA temp.table_info("daily_available")[0m
[32m2026-03-11 08:42:44,648 - sqlalchemy.engine.Engine - INFO - [raw sql] ()[0m
[32m2026-03-11 08:42:44,648 - sqlalchemy.engine.Engine - INFO - PRAGMA main.table_info("catalog_test")[0m
[32m2026-03-11 08:42:44,648 - sqlalchemy.engine.Engine - INFO - [raw sql] ()[0m
[32m2026-03-11 08:42:44,648 - sqlalchemy.engine.Engine - INFO - PRAGMA temp.table_info("catalog_test")[0m
[32m2026-03-11 08:42:44,648 - sqlalchemy.engine.Engine - INFO - [raw sql] ()[0m
[32m2026-03-11 08:42:44,648 - sqlalchemy.engine.Engine - INFO - PRAGMA main.table_info("code")[0m
[32m2026-03-11 08:42:44,649 - sqlalchemy.engine.Engine - INFO - [raw sql] ()[0m
[32m2026-03-11 08:42:44,649 - sqlalchemy.engine.Engine - INFO - PRAGMA temp.table_info("code")[0m
[32m2026-03-11 08:42:44,649 - sqlalchemy.engine.Engine - INFO - [raw sql] ()[0m
[32m2026-03-11 08:42:44,649 - sqlalchemy.engine.Engine - INFO - PRAGMA main.table_info("code_test")[0m
[32m2026-03-11 08:42:44,649 - sqlalchemy.engine.Engine - INFO - [raw sql] ()[0m
[32m2026-03-11 08:42:44,649 - sqlalchemy.engine.Engine - INFO - PRAGMA temp.table_info("code_test")[0m
[32m2026-03-11 08:42:44,649 - sqlalchemy.engine.Engine - INFO - [raw sql] ()[0m
[32m2026-03-11 08:42:44,649 - sqlalchemy.engine.Engine - INFO - PRAGMA main.table_info("order")[0m
[32m2026-03-11 08:42:44,650 - sqlalchemy.engine.Engine - INFO - [raw sql] ()[0m
[32m2026-03-11 08:42:44,650 - sqlalchemy.engine.Engine - INFO - PRAGMA temp.table_info("order")[0m
[32m2026-03-11 08:42:44,650 - sqlalchemy.engine.Engine - INFO - [raw sql] ()[0m
[32m2026-03-11 08:42:44,650 - sqlalchemy.engine.Engine - INFO - PRAGMA main.table_info("code_test_parameter_specification")[0m
[32m2026-03-11 08:42:44,650 - sqlalchemy.engine.Engine - INFO - [raw sql] ()[0m
[32m2026-03-11 08:42:44,650 - sqlalchemy.engine.Engine - INFO - PRAGMA temp.table_info("code_test_parameter_specification")[0m
[32m2026-03-11 08:42:44,650 - sqlalchemy.engine.Engine - INFO - [raw sql] ()[0m
[32m2026-03-11 08:42:44,650 - sqlalchemy.engine.Engine - INFO - PRAGMA main.table_info("qc_manual")[0m
[32m2026-03-11 08:42:44,650 - sqlalchemy.engine.Engine - INFO - [raw sql] ()[0m
[32m2026-03-11 08:42:44,651 - sqlalchemy.engine.Engine - INFO - PRAGMA temp.table_info("qc_manual")[0m
[32m2026-03-11 08:42:44,651 - sqlalchemy.engine.Engine - INFO - [raw sql] ()[0m
[32m2026-03-11 08:42:44,651 - sqlalchemy.engine.Engine - INFO - PRAGMA main.table_info("qc_manual_chapter")[0m
[32m2026-03-11 08:42:44,651 - sqlalchemy.engine.Engine - INFO - [raw sql] ()[0m
[32m2026-03-11 08:42:44,651 - sqlalchemy.engine.Engine - INFO - PRAGMA temp.table_info("qc_manual_chapter")[0m
[32m2026-03-11 08:42:44,651 - sqlalchemy.engine.Engine - INFO - [raw sql] ()[0m
[32m2026-03-11 08:42:44,652 - sqlalchemy.engine.Engine - INFO - PRAGMA main.table_info("preparation")[0m
[32m2026-03-11 08:42:44,652 - sqlalchemy.engine.Engine - INFO - [raw sql] ()[0m
[32m2026-03-11 08:42:44,652 - sqlalchemy.engine.Engine - INFO - PRAGMA temp.table_info("preparation")[0m
[32m2026-03-11 08:42:44,652 - sqlalchemy.engine.Engine - INFO - [raw sql] ()[0m
[32m2026-03-11 08:42:44,652 - sqlalchemy.engine.Engine - INFO - PRAGMA main.table_info("task_team_association")[0m
[32m2026-03-11 08:42:44,652 - sqlalchemy.engine.Engine - INFO - [raw sql] ()[0m
[32m2026-03-11 08:42:44,652 - sqlalchemy.engine.Engine - INFO - PRAGMA temp.table_info("task_team_association")[0m
[32m2026-03-11 08:42:44,652 - sqlalchemy.engine.Engine - INFO - [raw sql] ()[0m
[32m2026-03-11 08:42:44,653 - sqlalchemy.engine.Engine - INFO - PRAGMA main.table_info("user_teams")[0m
[32m2026-03-11 08:42:44,653 - sqlalchemy.engine.Engine - INFO - [raw sql] ()[0m
[32m2026-03-11 08:42:44,653 - sqlalchemy.engine.Engine - INFO - PRAGMA temp.table_info("user_teams")[0m
[32m2026-03-11 08:42:44,653 - sqlalchemy.engine.Engine - INFO - [raw sql] ()[0m
[32m2026-03-11 08:42:44,653 - sqlalchemy.engine.Engine - INFO - PRAGMA main.table_info("teams")[0m
[32m2026-03-11 08:42:44,653 - sqlalchemy.engine.Engine - INFO - [raw sql] ()[0m
[32m2026-03-11 08:42:44,653 - sqlalchemy.engine.Engine - INFO - PRAGMA temp.table_info("teams")[0m
[32m2026-03-11 08:42:44,653 - sqlalchemy.engine.Engine - INFO - [raw sql] ()[0m
[32m2026-03-11 08:42:44,654 - sqlalchemy.engine.Engine - INFO - PRAGMA main.table_info("programming_task")[0m
[32m2026-03-11 08:42:44,654 - sqlalchemy.engine.Engine - INFO - [raw sql] ()[0m
[32m2026-03-11 08:42:44,654 - sqlalchemy.engine.Engine - INFO - PRAGMA temp.table_info("programming_task")[0m
[32m2026-03-11 08:42:44,654 - sqlalchemy.engine.Engine - INFO - [raw sql] ()[0m
[32m2026-03-11 08:42:44,654 - sqlalchemy.engine.Engine - INFO - PRAGMA main.table_info("programming")[0m
[32m2026-03-11 08:42:44,654 - sqlalchemy.engine.Engine - INFO - [raw sql] ()[0m
[32m2026-03-11 08:42:44,654 - sqlalchemy.engine.Engine - INFO - PRAGMA temp.table_info("programming")[0m
[32m2026-03-11 08:42:44,654 - sqlalchemy.engine.Engine - INFO - [raw sql] ()[0m
[32m2026-03-11 08:42:44,654 - sqlalchemy.engine.Engine - INFO - PRAGMA main.table_info("task")[0m
[32m2026-03-11 08:42:44,655 - sqlalchemy.engine.Engine - INFO - [raw sql] ()[0m
[32m2026-03-11 08:42:44,655 - sqlalchemy.engine.Engine - INFO - PRAGMA temp.table_info("task")[0m
[32m2026-03-11 08:42:44,655 - sqlalchemy.engine.Engine - INFO - [raw sql] ()[0m
[32m2026-03-11 08:42:44,655 - sqlalchemy.engine.Engine - INFO - PRAGMA main.table_info("task_creation_notification")[0m
[32m2026-03-11 08:42:44,655 - sqlalchemy.engine.Engine - INFO - [raw sql] ()[0m
[32m2026-03-11 08:42:44,655 - sqlalchemy.engine.Engine - INFO - PRAGMA temp.table_info("task_creation_notification")[0m
[32m2026-03-11 08:42:44,655 - sqlalchemy.engine.Engine - INFO - [raw sql] ()[0m
[32m2026-03-11 08:42:44,655 - sqlalchemy.engine.Engine - INFO - PRAGMA main.table_info("stopwatch")[0m
[32m2026-03-11 08:42:44,656 - sqlalchemy.engine.Engine - INFO - [raw sql] ()[0m
[32m2026-03-11 08:42:44,656 - sqlalchemy.engine.Engine - INFO - PRAGMA temp.table_info("stopwatch")[0m
[32m2026-03-11 08:42:44,656 - sqlalchemy.engine.Engine - INFO - [raw sql] ()[0m
[32m2026-03-11 08:42:44,656 - sqlalchemy.engine.Engine - INFO - PRAGMA main.table_info("record_stopwatch")[0m
[32m2026-03-11 08:42:44,656 - sqlalchemy.engine.Engine - INFO - [raw sql] ()[0m
[32m2026-03-11 08:42:44,656 - sqlalchemy.engine.Engine - INFO - PRAGMA temp.table_info("record_stopwatch")[0m
[32m2026-03-11 08:42:44,656 - sqlalchemy.engine.Engine - INFO - [raw sql] ()[0m
[32m2026-03-11 08:42:44,656 - sqlalchemy.engine.Engine - INFO - PRAGMA main.table_info("test_record")[0m
[32m2026-03-11 08:42:44,657 - sqlalchemy.engine.Engine - INFO - [raw sql] ()[0m
[32m2026-03-11 08:42:44,657 - sqlalchemy.engine.Engine - INFO - PRAGMA temp.table_info("test_record")[0m
[32m2026-03-11 08:42:44,657 - sqlalchemy.engine.Engine - INFO - [raw sql] ()[0m
[32m2026-03-11 08:42:44,657 - sqlalchemy.engine.Engine - INFO - PRAGMA main.table_info("warehouse_history")[0m
[32m2026-03-11 08:42:44,657 - sqlalchemy.engine.Engine - INFO - [raw sql] ()[0m
[32m2026-03-11 08:42:44,657 - sqlalchemy.engine.Engine - INFO - PRAGMA temp.table_info("warehouse_history")[0m
[32m2026-03-11 08:42:44,657 - sqlalchemy.engine.Engine - INFO - [raw sql] ()[0m
[32m2026-03-11 08:42:44,657 - sqlalchemy.engine.Engine - INFO - PRAGMA main.table_info("task_status_log")[0m
[32m2026-03-11 08:42:44,658 - sqlalchemy.engine.Engine - INFO - [raw sql] ()[0m
[32m2026-03-11 08:42:44,658 - sqlalchemy.engine.Engine - INFO - PRAGMA temp.table_info("task_status_log")[0m
[32m2026-03-11 08:42:44,658 - sqlalchemy.engine.Engine - INFO - [raw sql] ()[0m
[32m2026-03-11 08:42:44,658 - sqlalchemy.engine.Engine - INFO - PRAGMA main.table_info("order_surplus")[0m
[32m2026-03-11 08:42:44,658 - sqlalchemy.engine.Engine - INFO - [raw sql] ()[0m
[32m2026-03-11 08:42:44,658 - sqlalchemy.engine.Engine - INFO - PRAGMA temp.table_info("order_surplus")[0m
[32m2026-03-11 08:42:44,658 - sqlalchemy.engine.Engine - INFO - [raw sql] ()[0m
[32m2026-03-11 08:42:44,659 - sqlalchemy.engine.Engine - INFO - PRAGMA main.table_info("quality_manual")[0m
[32m2026-03-11 08:42:44,659 - sqlalchemy.engine.Engine - INFO - [raw sql] ()[0m
[32m2026-03-11 08:42:44,659 - sqlalchemy.engine.Engine - INFO - PRAGMA temp.table_info("quality_manual")[0m
[32m2026-03-11 08:42:44,659 - sqlalchemy.engine.Engine - INFO - [raw sql] ()[0m
[32m2026-03-11 08:42:44,660 - sqlalchemy.engine.Engine - INFO - PRAGMA main.table_info("test_results")[0m
[32m2026-03-11 08:42:44,660 - sqlalchemy.engine.Engine - INFO - [raw sql] ()[0m
[32m2026-03-11 08:42:44,660 - sqlalchemy.engine.Engine - INFO - PRAGMA temp.table_info("test_results")[0m
[32m2026-03-11 08:42:44,660 - sqlalchemy.engine.Engine - INFO - [raw sql] ()[0m
[32m2026-03-11 08:42:44,660 - sqlalchemy.engine.Engine - INFO - PRAGMA main.table_info("catalog_test_question")[0m
[32m2026-03-11 08:42:44,660 - sqlalchemy.engine.Engine - INFO - [raw sql] ()[0m
[32m2026-03-11 08:42:44,661 - sqlalchemy.engine.Engine - INFO - PRAGMA temp.table_info("catalog_test_question")[0m
[32m2026-03-11 08:42:44,661 - sqlalchemy.engine.Engine - INFO - [raw sql] ()[0m
[32m2026-03-11 08:42:44,661 - sqlalchemy.engine.Engine - INFO - PRAGMA main.table_info("history_comparison")[0m
[32m2026-03-11 08:42:44,661 - sqlalchemy.engine.Engine - INFO - [raw sql] ()[0m
[32m2026-03-11 08:42:44,661 - sqlalchemy.engine.Engine - INFO - PRAGMA temp.table_info("history_comparison")[0m
[32m2026-03-11 08:42:44,661 - sqlalchemy.engine.Engine - INFO - [raw sql] ()[0m
[32m2026-03-11 08:42:44,661 - sqlalchemy.engine.Engine - INFO - PRAGMA main.table_info("historico_comparacion_fechas")[0m
[32m2026-03-11 08:42:44,662 - sqlalchemy.engine.Engine - INFO - [raw sql] ()[0m
[32m2026-03-11 08:42:44,662 - sqlalchemy.engine.Engine - INFO - PRAGMA temp.table_info("historico_comparacion_fechas")[0m
[32m2026-03-11 08:42:44,662 - sqlalchemy.engine.Engine - INFO - [raw sql] ()[0m
[32m2026-03-11 08:42:44,663 - sqlalchemy.engine.Engine - INFO - 
CREATE TABLE users (
	id UUID NOT NULL, 
	username VARCHAR NOT NULL, 
	password VARCHAR NOT NULL, 
	full_name VARCHAR, 
	cargo VARCHAR, 
	role VARCHAR(14), 
	state VARCHAR(8), 
	signature BLOB, 
	document_name VARCHAR, 
	PRIMARY KEY (id)
)

[0m
[32m2026-03-11 08:42:44,663 - sqlalchemy.engine.Engine - INFO - [no key 0.00016s] ()[0m
[32m2026-03-11 08:42:44,673 - sqlalchemy.engine.Engine - INFO - CREATE UNIQUE INDEX ix_users_username ON users (username)[0m
[32m2026-03-11 08:42:44,673 - sqlalchemy.engine.Engine - INFO - [no key 0.00022s] ()[0m
[32m2026-03-11 08:42:44,685 - sqlalchemy.engine.Engine - INFO - CREATE INDEX ix_users_id ON users (id)[0m
[32m2026-03-11 08:42:44,685 - sqlalchemy.engine.Engine - INFO - [no key 0.00029s] ()[0m
[32m2026-03-11 08:42:44,695 - sqlalchemy.engine.Engine - INFO - 
CREATE TABLE daily_available (
	id UUID NOT NULL, 
	codigo VARCHAR(20), 
	description VARCHAR(80), 
	disponible INTEGER, 
	minimo INTEGER, 
	reorder INTEGER, 
	dias_disponibles INTEGER, 
	date_upload DATE, 
	PRIMARY KEY (id)
)

[0m
[32m2026-03-11 08:42:44,695 - sqlalchemy.engine.Engine - INFO - [no key 0.00032s] ()[0m
[32m2026-03-11 08:42:44,705 - sqlalchemy.engine.Engine - INFO - 
CREATE TABLE code (
	id UUID NOT NULL, 
	code VARCHAR, 
	description VARCHAR, 
	unit VARCHAR, 
	type VARCHAR, 
	activity VARCHAR, 
	quantity VARCHAR, 
	time FLOAT, 
	people INTEGER, 
	performance FLOAT, 
	material VARCHAR, 
	presentation VARCHAR, 
	"fabricationCode" VARCHAR, 
	"usefulLife" VARCHAR, 
	verification BOOLEAN, 
	PRIMARY KEY (id)
)

[0m
[32m2026-03-11 08:42:44,706 - sqlalchemy.engine.Engine - INFO - [no key 0.00029s] ()[0m
[32m2026-03-11 08:42:44,717 - sqlalchemy.engine.Engine - INFO - 
CREATE TABLE "order" (
	lote INTEGER NOT NULL, 
	description VARCHAR, 
	quantity FLOAT, 
	"dueDate" DATE, 
	status VARCHAR(16), 
	code VARCHAR, 
	bin INTEGER, 
	received_user VARCHAR, 
	received_date DATE, 
	received_quantity FLOAT, 
	fabricated_quantity FLOAT, 
	missing_quantity FLOAT, 
	submitted_user VARCHAR, 
	submitted_date DATE, 
	submitted_observations VARCHAR, 
	is_hidden BOOLEAN, 
	hidden_at DATETIME, 
	PRIMARY KEY (lote)
)

[0m
[32m2026-03-11 08:42:44,717 - sqlalchemy.engine.Engine - INFO - [no key 0.00028s] ()[0m
[32m2026-03-11 08:42:44,726 - sqlalchemy.engine.Engine - INFO - 
CREATE TABLE preparation (
	id UUID NOT NULL, 
	description VARCHAR, 
	minutes INTEGER, 
	PRIMARY KEY (id)
)

[0m
[32m2026-03-11 08:42:44,727 - sqlalchemy.engine.Engine - INFO - [no key 0.00039s] ()[0m
[32m2026-03-11 08:42:44,736 - sqlalchemy.engine.Engine - INFO - 
CREATE TABLE task_creation_notification (
	id UUID NOT NULL, 
	created_at DATETIME NOT NULL, 
	created_by VARCHAR NOT NULL, 
	programming_info JSON NOT NULL, 
	order_count INTEGER NOT NULL, 
	PRIMARY KEY (id)
)

[0m
[32m2026-03-11 08:42:44,736 - sqlalchemy.engine.Engine - INFO - [no key 0.00028s] ()[0m
[32m2026-03-11 08:42:44,747 - sqlalchemy.engine.Engine - INFO - 
CREATE TABLE quality_manual (
	id INTEGER NOT NULL, 
	name VARCHAR NOT NULL, 
	"order" INTEGER NOT NULL, 
	created_at DATETIME NOT NULL, 
	created_by VARCHAR NOT NULL, 
	PRIMARY KEY (id)
)

[0m
[32m2026-03-11 08:42:44,747 - sqlalchemy.engine.Engine - INFO - [no key 0.00019s] ()[0m
[32m2026-03-11 08:42:44,756 - sqlalchemy.engine.Engine - INFO - CREATE INDEX ix_quality_manual_id ON quality_manual (id)[0m
[32m2026-03-11 08:42:44,756 - sqlalchemy.engine.Engine - INFO - [no key 0.00019s] ()[0m
[32m2026-03-11 08:42:44,765 - sqlalchemy.engine.Engine - INFO - CREATE UNIQUE INDEX ix_quality_manual_name ON quality_manual (name)[0m
[32m2026-03-11 08:42:44,765 - sqlalchemy.engine.Engine - INFO - [no key 0.00019s] ()[0m
[32m2026-03-11 08:42:44,778 - sqlalchemy.engine.Engine - INFO - 
CREATE TABLE history_comparison (
	id UUID NOT NULL, 
	code VARCHAR(20), 
	description VARCHAR(50), 
	tipo VARCHAR(20), 
	tiempo NUMERIC(7, 3), 
	total_tiempo_real NUMERIC(7, 3), 
	diferencia NUMERIC(6, 2), 
	compare_date DATE, 
	numero_personas INTEGER, 
	PRIMARY KEY (id)
)

[0m
[32m2026-03-11 08:42:44,778 - sqlalchemy.engine.Engine - INFO - [no key 0.00019s] ()[0m
[32m2026-03-11 08:42:44,786 - sqlalchemy.engine.Engine - INFO - 
CREATE TABLE historico_comparacion_fechas (
	id UUID NOT NULL, 
	fecha DATETIME NOT NULL, 
	PRIMARY KEY (id)
)

[0m
[32m2026-03-11 08:42:44,787 - sqlalchemy.engine.Engine - INFO - [no key 0.00019s] ()[0m
[32m2026-03-11 08:42:44,799 - sqlalchemy.engine.Engine - INFO - 
CREATE TABLE qc_manual (
	id INTEGER NOT NULL, 
	quality_manual_id INTEGER NOT NULL, 
	"createdAt" DATETIME NOT NULL, 
	created_by VARCHAR NOT NULL, 
	PRIMARY KEY (id), 
	FOREIGN KEY(quality_manual_id) REFERENCES quality_manual (id) ON DELETE CASCADE
)

[0m
[32m2026-03-11 08:42:44,799 - sqlalchemy.engine.Engine - INFO - [no key 0.00023s] ()[0m
[32m2026-03-11 08:42:44,810 - sqlalchemy.engine.Engine - INFO - CREATE INDEX ix_qc_manual_id ON qc_manual (id)[0m
[32m2026-03-11 08:42:44,811 - sqlalchemy.engine.Engine - INFO - [no key 0.00024s] ()[0m
[32m2026-03-11 08:42:44,819 - sqlalchemy.engine.Engine - INFO - CREATE INDEX ix_qc_manual_quality_manual_id ON qc_manual (quality_manual_id)[0m
[32m2026-03-11 08:42:44,819 - sqlalchemy.engine.Engine - INFO - [no key 0.00019s] ()[0m
[32m2026-03-11 08:42:44,827 - sqlalchemy.engine.Engine - INFO - 
CREATE TABLE teams (
	id UUID NOT NULL, 
	name VARCHAR, 
	"supervisorId" UUID, 
	PRIMARY KEY (id), 
	FOREIGN KEY("supervisorId") REFERENCES users (id)
)

[0m
[32m2026-03-11 08:42:44,827 - sqlalchemy.engine.Engine - INFO - [no key 0.00020s] ()[0m
[32m2026-03-11 08:42:44,837 - sqlalchemy.engine.Engine - INFO - CREATE INDEX ix_teams_id ON teams (id)[0m
[32m2026-03-11 08:42:44,837 - sqlalchemy.engine.Engine - INFO - [no key 0.00019s] ()[0m
[32m2026-03-11 08:42:44,845 - sqlalchemy.engine.Engine - INFO - 
CREATE TABLE task (
	id UUID NOT NULL, 
	code_id UUID, 
	preparation_id UUID, 
	created_by_user_id UUID, 
	lote VARCHAR, 
	original_packaging_lote VARCHAR, 
	quantity FLOAT, 
	specification VARCHAR, 
	minutes INTEGER, 
	start_time DATETIME, 
	end_time DATETIME, 
	people INTEGER, 
	performance FLOAT, 
	material VARCHAR, 
	presentation VARCHAR, 
	"fabricationCode" VARCHAR, 
	"usefulLife" VARCHAR, 
	related_task_code VARCHAR, 
	unit VARCHAR, 
	type VARCHAR, 
	activity VARCHAR, 
	description VARCHAR, 
	status VARCHAR NOT NULL, 
	is_completed BOOLEAN NOT NULL, 
	PRIMARY KEY (id), 
	FOREIGN KEY(code_id) REFERENCES code (id), 
	FOREIGN KEY(preparation_id) REFERENCES preparation (id), 
	FOREIGN KEY(created_by_user_id) REFERENCES users (id)
)

[0m
[32m2026-03-11 08:42:44,845 - sqlalchemy.engine.Engine - INFO - [no key 0.00018s] ()[0m
[32m2026-03-11 08:42:44,855 - sqlalchemy.engine.Engine - INFO - 
CREATE TABLE test_record (
	id UUID NOT NULL, 
	lote INTEGER NOT NULL, 
	code_id UUID NOT NULL, 
	status VARCHAR(8) NOT NULL, 
	performed_by VARCHAR, 
	performed_at DATETIME, 
	approved_by VARCHAR, 
	approved_at DATETIME, 
	comment VARCHAR, 
	analysis_number INTEGER, 
	PRIMARY KEY (id), 
	FOREIGN KEY(lote) REFERENCES "order" (lote), 
	FOREIGN KEY(code_id) REFERENCES code (id)
)

[0m
[32m2026-03-11 08:42:44,855 - sqlalchemy.engine.Engine - INFO - [no key 0.00018s] ()[0m
[32m2026-03-11 08:42:44,863 - sqlalchemy.engine.Engine - INFO - 
CREATE TABLE warehouse_history (
	id UUID NOT NULL, 
	lote INTEGER NOT NULL, 
	code VARCHAR NOT NULL, 
	quantity FLOAT NOT NULL, 
	type VARCHAR(15) NOT NULL, 
	user VARCHAR NOT NULL, 
	timestamp DATETIME, 
	observations VARCHAR, 
	PRIMARY KEY (id), 
	FOREIGN KEY(lote) REFERENCES "order" (lote)
)

[0m
[32m2026-03-11 08:42:44,864 - sqlalchemy.engine.Engine - INFO - [no key 0.00023s] ()[0m
[32m2026-03-11 08:42:44,876 - sqlalchemy.engine.Engine - INFO - 
CREATE TABLE order_surplus (
	id UUID NOT NULL, 
	lote INTEGER NOT NULL, 
	date DATE NOT NULL, 
	code VARCHAR NOT NULL, 
	description VARCHAR, 
	original_quantity FLOAT NOT NULL, 
	received_quantity FLOAT NOT NULL, 
	surplus FLOAT NOT NULL, 
	created_at DATETIME, 
	PRIMARY KEY (id), 
	FOREIGN KEY(lote) REFERENCES "order" (lote)
)

[0m
[32m2026-03-11 08:42:44,876 - sqlalchemy.engine.Engine - INFO - [no key 0.00020s] ()[0m
[32m2026-03-11 08:42:44,887 - sqlalchemy.engine.Engine - INFO - 
CREATE TABLE qc_manual_chapter (
	id UUID NOT NULL, 
	manual_id INTEGER NOT NULL, 
	parent_chapter_id UUID, 
	title VARCHAR NOT NULL, 
	content TEXT, 
	chapter_type VARCHAR NOT NULL, 
	"order" INTEGER NOT NULL, 
	created_at DATETIME NOT NULL, 
	created_by VARCHAR NOT NULL, 
	updated_at DATETIME, 
	updated_by VARCHAR, 
	PRIMARY KEY (id), 
	FOREIGN KEY(manual_id) REFERENCES qc_manual (id) ON DELETE CASCADE, 
	FOREIGN KEY(parent_chapter_id) REFERENCES qc_manual_chapter (id) ON DELETE CASCADE
)

[0m
[32m2026-03-11 08:42:44,887 - sqlalchemy.engine.Engine - INFO - [no key 0.00018s] ()[0m
[32m2026-03-11 08:42:44,896 - sqlalchemy.engine.Engine - INFO - CREATE INDEX ix_qc_manual_chapter_parent_chapter_id ON qc_manual_chapter (parent_chapter_id)[0m
[32m2026-03-11 08:42:44,896 - sqlalchemy.engine.Engine - INFO - [no key 0.00020s] ()[0m
[32m2026-03-11 08:42:44,905 - sqlalchemy.engine.Engine - INFO - CREATE INDEX ix_qc_manual_chapter_manual_id ON qc_manual_chapter (manual_id)[0m
[32m2026-03-11 08:42:44,905 - sqlalchemy.engine.Engine - INFO - [no key 0.00018s] ()[0m
[32m2026-03-11 08:42:44,915 - sqlalchemy.engine.Engine - INFO - 
CREATE TABLE task_team_association (
	task_id UUID, 
	team_id UUID, 
	FOREIGN KEY(task_id) REFERENCES task (id), 
	FOREIGN KEY(team_id) REFERENCES teams (id)
)

[0m
[32m2026-03-11 08:42:44,915 - sqlalchemy.engine.Engine - INFO - [no key 0.00030s] ()[0m
[32m2026-03-11 08:42:44,924 - sqlalchemy.engine.Engine - INFO - 
CREATE TABLE user_teams (
	id UUID NOT NULL, 
	user_id UUID, 
	team_id UUID, 
	start_date DATE NOT NULL, 
	end_date DATE, 
	PRIMARY KEY (id), 
	FOREIGN KEY(user_id) REFERENCES users (id), 
	FOREIGN KEY(team_id) REFERENCES teams (id)
)

[0m
[32m2026-03-11 08:42:44,924 - sqlalchemy.engine.Engine - INFO - [no key 0.00017s] ()[0m
[32m2026-03-11 08:42:44,932 - sqlalchemy.engine.Engine - INFO - CREATE INDEX ix_user_teams_id ON user_teams (id)[0m
[32m2026-03-11 08:42:44,932 - sqlalchemy.engine.Engine - INFO - [no key 0.00017s] ()[0m
[32m2026-03-11 08:42:44,941 - sqlalchemy.engine.Engine - INFO - 
CREATE TABLE programming (
	id UUID NOT NULL, 
	date DATE NOT NULL, 
	status VARCHAR(11) NOT NULL, 
	team_id UUID NOT NULL, 
	PRIMARY KEY (id), 
	CONSTRAINT _date_team_uc UNIQUE (date, team_id), 
	FOREIGN KEY(team_id) REFERENCES teams (id)
)

[0m
[32m2026-03-11 08:42:44,941 - sqlalchemy.engine.Engine - INFO - [no key 0.00021s] ()[0m
[32m2026-03-11 08:42:44,951 - sqlalchemy.engine.Engine - INFO - 
CREATE TABLE stopwatch (
	id UUID NOT NULL, 
	task_id UUID NOT NULL, 
	status VARCHAR(7) NOT NULL, 
	quantity FLOAT NOT NULL, 
	accumulated_duration FLOAT NOT NULL, 
	is_from_programming BOOLEAN NOT NULL, 
	created_at DATETIME, 
	update_at DATETIME, 
	PRIMARY KEY (id), 
	FOREIGN KEY(task_id) REFERENCES task (id)
)

[0m
[32m2026-03-11 08:42:44,951 - sqlalchemy.engine.Engine - INFO - [no key 0.00017s] ()[0m
[32m2026-03-11 08:42:44,960 - sqlalchemy.engine.Engine - INFO - 
CREATE TABLE record_stopwatch (
	id UUID NOT NULL, 
	task_id UUID NOT NULL, 
	quantity FLOAT NOT NULL, 
	accumulated_duration FLOAT NOT NULL, 
	comments VARCHAR, 
	creation_date DATETIME DEFAULT CURRENT_TIMESTAMP, 
	PRIMARY KEY (id), 
	FOREIGN KEY(task_id) REFERENCES task (id)
)

[0m
[32m2026-03-11 08:42:44,960 - sqlalchemy.engine.Engine - INFO - [no key 0.00024s] ()[0m
[32m2026-03-11 08:42:44,970 - sqlalchemy.engine.Engine - INFO - 
CREATE TABLE task_status_log (
	id UUID NOT NULL, 
	task_id UUID NOT NULL, 
	status VARCHAR(9) NOT NULL, 
	start_time DATETIME NOT NULL, 
	end_time DATETIME, 
	PRIMARY KEY (id), 
	FOREIGN KEY(task_id) REFERENCES task (id)
)

[0m
[32m2026-03-11 08:42:44,970 - sqlalchemy.engine.Engine - INFO - [no key 0.00024s] ()[0m
[32m2026-03-11 08:42:44,980 - sqlalchemy.engine.Engine - INFO - 
CREATE TABLE catalog_test (
	id UUID NOT NULL, 
	name VARCHAR NOT NULL, 
	quality_manual_id INTEGER, 
	chapter_id UUID, 
	chapter VARCHAR, 
	status BOOLEAN NOT NULL, 
	PRIMARY KEY (id), 
	FOREIGN KEY(quality_manual_id) REFERENCES quality_manual (id) ON DELETE SET NULL, 
	FOREIGN KEY(chapter_id) REFERENCES qc_manual_chapter (id) ON DELETE SET NULL
)

[0m
[32m2026-03-11 08:42:44,980 - sqlalchemy.engine.Engine - INFO - [no key 0.00018s] ()[0m
[32m2026-03-11 08:42:44,989 - sqlalchemy.engine.Engine - INFO - CREATE INDEX ix_catalog_test_chapter_id ON catalog_test (chapter_id)[0m
[32m2026-03-11 08:42:44,989 - sqlalchemy.engine.Engine - INFO - [no key 0.00022s] ()[0m
[32m2026-03-11 08:42:44,998 - sqlalchemy.engine.Engine - INFO - CREATE INDEX ix_catalog_test_quality_manual_id ON catalog_test (quality_manual_id)[0m
[32m2026-03-11 08:42:44,998 - sqlalchemy.engine.Engine - INFO - [no key 0.00026s] ()[0m
[32m2026-03-11 08:42:45,010 - sqlalchemy.engine.Engine - INFO - 
CREATE TABLE programming_task (
	programming_id UUID NOT NULL, 
	task_id UUID NOT NULL, 
	created_at DATETIME, 
	"order" INTEGER NOT NULL, 
	start_time DATETIME, 
	end_time DATETIME, 
	real_start_time DATETIME, 
	real_end_time DATETIME, 
	real_quantity FLOAT, 
	duration_in_hours FLOAT, 
	comment VARCHAR, 
	completed_by_user_id UUID, 
	is_completed BOOLEAN, 
	PRIMARY KEY (programming_id, task_id), 
	FOREIGN KEY(programming_id) REFERENCES programming (id), 
	FOREIGN KEY(task_id) REFERENCES task (id), 
	FOREIGN KEY(completed_by_user_id) REFERENCES users (id)
)

[0m
[32m2026-03-11 08:42:45,011 - sqlalchemy.engine.Engine - INFO - [no key 0.00023s] ()[0m
[32m2026-03-11 08:42:45,028 - sqlalchemy.engine.Engine - INFO - 
CREATE TABLE code_test (
	id UUID NOT NULL, 
	code_id UUID NOT NULL, 
	catalog_test_id UUID NOT NULL, 
	PRIMARY KEY (id), 
	FOREIGN KEY(code_id) REFERENCES code (id), 
	FOREIGN KEY(catalog_test_id) REFERENCES catalog_test (id) ON DELETE CASCADE
)

[0m
[32m2026-03-11 08:42:45,028 - sqlalchemy.engine.Engine - INFO - [no key 0.00018s] ()[0m
[32m2026-03-11 08:42:45,037 - sqlalchemy.engine.Engine - INFO - 
CREATE TABLE test_results (
	id UUID NOT NULL, 
	test_record_id UUID NOT NULL, 
	catalog_test_id UUID NOT NULL, 
	answer JSON NOT NULL, 
	PRIMARY KEY (id), 
	FOREIGN KEY(test_record_id) REFERENCES test_record (id), 
	FOREIGN KEY(catalog_test_id) REFERENCES catalog_test (id) ON DELETE CASCADE
)

[0m
[32m2026-03-11 08:42:45,038 - sqlalchemy.engine.Engine - INFO - [no key 0.00017s] ()[0m
[32m2026-03-11 08:42:45,049 - sqlalchemy.engine.Engine - INFO - 
CREATE TABLE catalog_test_question (
	id UUID NOT NULL, 
	catalog_test_id UUID NOT NULL, 
	chapter_id UUID, 
	question VARCHAR NOT NULL, 
	specification VARCHAR, 
	options VARCHAR, 
	type VARCHAR(5) NOT NULL, 
	PRIMARY KEY (id), 
	FOREIGN KEY(catalog_test_id) REFERENCES catalog_test (id) ON DELETE CASCADE, 
	FOREIGN KEY(chapter_id) REFERENCES qc_manual_chapter (id) ON DELETE SET NULL
)

[0m
[32m2026-03-11 08:42:45,049 - sqlalchemy.engine.Engine - INFO - [no key 0.00017s] ()[0m
[32m2026-03-11 08:42:45,061 - sqlalchemy.engine.Engine - INFO - CREATE INDEX ix_catalog_test_question_chapter_id ON catalog_test_question (chapter_id)[0m
[32m2026-03-11 08:42:45,061 - sqlalchemy.engine.Engine - INFO - [no key 0.00019s] ()[0m
[32m2026-03-11 08:42:45,069 - sqlalchemy.engine.Engine - INFO - 
CREATE TABLE code_test_parameter_specification (
	id UUID NOT NULL, 
	code_id UUID NOT NULL, 
	question_id UUID NOT NULL, 
	specification VARCHAR NOT NULL, 
	PRIMARY KEY (id), 
	FOREIGN KEY(code_id) REFERENCES code (id) ON DELETE CASCADE, 
	FOREIGN KEY(question_id) REFERENCES catalog_test_question (id) ON DELETE CASCADE
)

[0m
[32m2026-03-11 08:42:45,069 - sqlalchemy.engine.Engine - INFO - [no key 0.00018s] ()[0m
[32m2026-03-11 08:42:45,082 - sqlalchemy.engine.Engine - INFO - CREATE INDEX ix_code_test_parameter_specification_question_id ON code_test_parameter_specification (question_id)[0m
[32m2026-03-11 08:42:45,082 - sqlalchemy.engine.Engine - INFO - [no key 0.00021s] ()[0m
[32m2026-03-11 08:42:45,091 - sqlalchemy.engine.Engine - INFO - CREATE INDEX ix_code_test_parameter_specification_code_id ON code_test_parameter_specification (code_id)[0m
[32m2026-03-11 08:42:45,092 - sqlalchemy.engine.Engine - INFO - [no key 0.00038s] ()[0m
[32m2026-03-11 08:42:45,101 - sqlalchemy.engine.Engine - INFO - COMMIT[0m
[32m2026-03-11 08:42:45,155 - sqlalchemy.engine.Engine - INFO - BEGIN (implicit)[0m
[32m2026-03-11 08:42:45,157 - sqlalchemy.engine.Engine - INFO - INSERT INTO users (id, username, password, full_name, cargo, role, state, signature, document_name) VALUES (?, ?, ?, ?, ?, ?, ?, ?, ?)[0m
[32m2026-03-11 08:42:45,157 - sqlalchemy.engine.Engine - INFO - [generated in 0.00025s] ('5218cee4499247968c5414de32eba0e4', 'admin', 'adminpassword123', None, None, 'ADMIN', 'ACTIVE', None, None)[0m
[32m2026-03-11 08:42:45,159 - sqlalchemy.engine.Engine - INFO - COMMIT[0m
[32m2026-03-11 08:42:45,168 - sqlalchemy.engine.Engine - INFO - BEGIN (implicit)[0m
[32m2026-03-11 08:42:45,170 - sqlalchemy.engine.Engine - INFO - SELECT users.id, users.username, users.password, users.full_name, users.cargo, users.role, users.state, users.signature, users.document_name 
FROM users 
WHERE users.id = ?[0m
[32m2026-03-11 08:42:45,171 - sqlalchemy.engine.Engine - INFO - [generated in 0.00021s] ('5218cee4499247968c5414de32eba0e4',)[0m
[32m2026-03-11 08:42:45,179 - sqlalchemy.engine.Engine - INFO - INSERT INTO users (id, username, password, full_name, cargo, role, state, signature, document_name) VALUES (?, ?, ?, ?, ?, ?, ?, ?, ?)[0m
[32m2026-03-11 08:42:45,179 - sqlalchemy.engine.Engine - INFO - [cached since 0.02202s ago] ('82b523156e1c4adb98355af533febda1', 'supervisor', 'supervisorpassword123', None, None, 'SUPERVISOR', 'ACTIVE', None, None)[0m
[32m2026-03-11 08:42:45,180 - sqlalchemy.engine.Engine - INFO - COMMIT[0m
[32m2026-03-11 08:42:45,187 - sqlalchemy.engine.Engine - INFO - BEGIN (implicit)[0m
[32m2026-03-11 08:42:45,188 - sqlalchemy.engine.Engine - INFO - SELECT users.id, users.username, users.password, users.full_name, users.cargo, users.role, users.state, users.signature, users.document_name 
FROM users 
WHERE users.id = ?[0m
[32m2026-03-11 08:42:45,188 - sqlalchemy.engine.Engine - INFO - [cached since 0.01744s ago] ('82b523156e1c4adb98355af533febda1',)[0m
[32m2026-03-11 08:42:45,189 - sqlalchemy.engine.Engine - INFO - INSERT INTO teams (id, name, "supervisorId") VALUES (?, ?, ?)[0m
[32m2026-03-11 08:42:45,189 - sqlalchemy.engine.Engine - INFO - [generated in 0.00020s] ('290b3f893f4248a08b766f3269b27903', 'Test Team', '82b523156e1c4adb98355af533febda1')[0m
[32m2026-03-11 08:42:45,191 - sqlalchemy.engine.Engine - INFO - COMMIT[0m
[32m2026-03-11 08:42:45,201 - sqlalchemy.engine.Engine - INFO - BEGIN (implicit)[0m
[32m2026-03-11 08:42:45,202 - sqlalchemy.engine.Engine - INFO - SELECT teams.id, teams.name, teams."supervisorId" 
FROM teams 
WHERE teams.id = ?[0m
[32m2026-03-11 08:42:45,202 - sqlalchemy.engine.Engine - INFO - [generated in 0.00022s] ('290b3f893f4248a08b766f3269b27903',)[0m
[32m2026-03-11 08:42:45,204 - sqlalchemy.engine.Engine - INFO - INSERT INTO programming (id, date, status, team_id) VALUES (?, ?, ?, ?)[0m
[32m2026-03-11 08:42:45,204 - sqlalchemy.engine.Engine - INFO - [generated in 0.00025s] ('d28e240a38664dc5b9e1e4bc96df185b', '2026-03-11', 'available', '290b3f893f4248a08b766f3269b27903')[0m
[32m2026-03-11 08:42:45,205 - sqlalchemy.engine.Engine - INFO - COMMIT[0m
[32m2026-03-11 08:42:45,215 - sqlalchemy.engine.Engine - INFO - BEGIN (implicit)[0m
[32m2026-03-11 08:42:45,216 - sqlalchemy.engine.Engine - INFO - SELECT programming.id, programming.date, programming.status, programming.team_id 
FROM programming 
WHERE programming.id = ?[0m
[32m2026-03-11 08:42:45,216 - sqlalchemy.engine.Engine - INFO - [generated in 0.00016s] ('d28e240a38664dc5b9e1e4bc96df185b',)[0m
[32m2026-03-11 08:42:45,218 - sqlalchemy.engine.Engine - INFO - INSERT INTO code (id, code, description, unit, type, activity, quantity, time, people, performance, material, presentation, "fabricationCode", "usefulLife", verification) VALUES (?, ?, ?, ?, ?, ?, ?, ?, ?, ?, ?, ?, ?, ?, ?)[0m
[32m2026-03-11 08:42:45,218 - sqlalchemy.engine.Engine - INFO - [generated in 0.00028s] ('eea3fa78d64346ac91d36fa7c1ca6932', 'TEST001', 'Test Code Description', 'kg', 'production', 'manufacturing', '100', 120.0, 5, 0.85, 'Test Material', 'Test Presentation', 'FAB001', '30 days', 0)[0m
[32m2026-03-11 08:42:45,220 - sqlalchemy.engine.Engine - INFO - COMMIT[0m
[32m2026-03-11 08:42:45,228 - sqlalchemy.engine.Engine - INFO - BEGIN (implicit)[0m
[32m2026-03-11 08:42:45,229 - sqlalchemy.engine.Engine - INFO - SELECT code.id, code.code, code.description, code.unit, code.type, code.activity, code.quantity, code.time, code.people, code.performance, code.material, code.presentation, code."fabricationCode", code."usefulLife", code.verification 
FROM code 
WHERE code.id = ?[0m
[32m2026-03-11 08:42:45,229 - sqlalchemy.engine.Engine - INFO - [generated in 0.00019s] ('eea3fa78d64346ac91d36fa7c1ca6932',)[0m
[32m2026-03-11 08:42:45,231 - sqlalchemy.engine.Engine - INFO - INSERT INTO task (id, code_id, preparation_id, created_by_user_id, lote, original_packaging_lote, quantity, specification, minutes, start_time, end_time, people, performance, material, presentation, "fabricationCode", "usefulLife", related_task_code, unit, type, activity, description, status, is_completed) VALUES (?, ?, ?, ?, ?, ?, ?, ?, ?, ?, ?, ?, ?, ?, ?, ?, ?, ?, ?, ?, ?, ?, ?, ?)[0m
[32m2026-03-11 08:42:45,231 - sqlalchemy.engine.Engine - INFO - [generated in 0.00027s] ('4abd27ec0a464636a76d6a221f201505', 'eea3fa78d64346ac91d36fa7c1ca6932', None, None, 'TEST123', None, 50.0, 'Test specification', 120, '2026-03-11 08:42:45.217007', '2026-03-11 10:42:45.217008', 3, 0.9, 'Test material', 'Test presentation', 'FAB123', '30 days', 'REL123', 'kg', 'production', 'manufacturing', 'Test task description', 'pendiente', 0)[0m
[32m2026-03-11 08:42:45,233 - sqlalchemy.engine.Engine - INFO - COMMIT[0m
[32m2026-03-11 08:42:45,241 - sqlalchemy.engine.Engine - INFO - BEGIN (implicit)[0m
[32m2026-03-11 08:42:45,242 - sqlalchemy.engine.Engine - INFO - SELECT task.id, task.code_id, task.preparation_id, task.created_by_user_id, task.lote, task.original_packaging_lote, task.quantity, task.specification, task.minutes, task.start_time, task.end_time, task.people, task.performance, task.material, task.presentation, task."fabricationCode", task."usefulLife", task.related_task_code, task.unit, task.type, task.activity, task.description, task.status, task.is_completed 
FROM task 
WHERE task.id = ?[0m
[32m2026-03-11 08:42:45,242 - sqlalchemy.engine.Engine - INFO - [generated in 0.00024s] ('4abd27ec0a464636a76d6a221f201505',)[0m
----------------------------- Captured log setup ------------------------------
INFO     app.main:main.py:62 Iniciando ApiSchedule v1.0.0 en development
INFO     app.metrics:metrics.py:328 Recolector de mÚtricas del sistema iniciado
INFO     app.main:main.py:67 Sistema de mÚtricas inicializado
INFO     sqlalchemy.engine.Engine:base.py:2702 BEGIN (implicit)
INFO     sqlalchemy.engine.Engine:base.py:1846 PRAGMA main.table_info("users")
INFO     sqlalchemy.engine.Engine:base.py:1846 [raw sql] ()
INFO     sqlalchemy.engine.Engine:base.py:1846 PRAGMA temp.table_info("users")
INFO     sqlalchemy.engine.Engine:base.py:1846 [raw sql] ()
INFO     sqlalchemy.engine.Engine:base.py:1846 PRAGMA main.table_info("daily_available")
INFO     sqlalchemy.engine.Engine:base.py:1846 [raw sql] ()
INFO     sqlalchemy.engine.Engine:base.py:1846 PRAGMA temp.table_info("daily_available")
INFO     sqlalchemy.engine.Engine:base.py:1846 [raw sql] ()
INFO     sqlalchemy.engine.Engine:base.py:1846 PRAGMA main.table_info("catalog_test")
INFO     sqlalchemy.engine.Engine:base.py:1846 [raw sql] ()
INFO     sqlalchemy.engine.Engine:base.py:1846 PRAGMA temp.table_info("catalog_test")
INFO     sqlalchemy.engine.Engine:base.py:1846 [raw sql] ()
INFO     sqlalchemy.engine.Engine:base.py:1846 PRAGMA main.table_info("code")
INFO     sqlalchemy.engine.Engine:base.py:1846 [raw sql] ()
INFO     sqlalchemy.engine.Engine:base.py:1846 PRAGMA temp.table_info("code")
INFO     sqlalchemy.engine.Engine:base.py:1846 [raw sql] ()
INFO     sqlalchemy.engine.Engine:base.py:1846 PRAGMA main.table_info("code_test")
INFO     sqlalchemy.engine.Engine:base.py:1846 [raw sql] ()
INFO     sqlalchemy.engine.Engine:base.py:1846 PRAGMA temp.table_info("code_test")
INFO     sqlalchemy.engine.Engine:base.py:1846 [raw sql] ()
INFO     sqlalchemy.engine.Engine:base.py:1846 PRAGMA main.table_info("order")
INFO     sqlalchemy.engine.Engine:base.py:1846 [raw sql] ()
INFO     sqlalchemy.engine.Engine:base.py:1846 PRAGMA temp.table_info("order")
INFO     sqlalchemy.engine.Engine:base.py:1846 [raw sql] ()
INFO     sqlalchemy.engine.Engine:base.py:1846 PRAGMA main.table_info("code_test_parameter_specification")
INFO     sqlalchemy.engine.Engine:base.py:1846 [raw sql] ()
INFO     sqlalchemy.engine.Engine:base.py:1846 PRAGMA temp.table_info("code_test_parameter_specification")
INFO     sqlalchemy.engine.Engine:base.py:1846 [raw sql] ()
INFO     sqlalchemy.engine.Engine:base.py:1846 PRAGMA main.table_info("qc_manual")
INFO     sqlalchemy.engine.Engine:base.py:1846 [raw sql] ()
INFO     sqlalchemy.engine.Engine:base.py:1846 PRAGMA temp.table_info("qc_manual")
INFO     sqlalchemy.engine.Engine:base.py:1846 [raw sql] ()
INFO     sqlalchemy.engine.Engine:base.py:1846 PRAGMA main.table_info("qc_manual_chapter")
INFO     sqlalchemy.engine.Engine:base.py:1846 [raw sql] ()
INFO     sqlalchemy.engine.Engine:base.py:1846 PRAGMA temp.table_info("qc_manual_chapter")
INFO     sqlalchemy.engine.Engine:base.py:1846 [raw sql] ()
INFO     sqlalchemy.engine.Engine:base.py:1846 PRAGMA main.table_info("preparation")
INFO     sqlalchemy.engine.Engine:base.py:1846 [raw sql] ()
INFO     sqlalchemy.engine.Engine:base.py:1846 PRAGMA temp.table_info("preparation")
INFO     sqlalchemy.engine.Engine:base.py:1846 [raw sql] ()
INFO     sqlalchemy.engine.Engine:base.py:1846 PRAGMA main.table_info("task_team_association")
INFO     sqlalchemy.engine.Engine:base.py:1846 [raw sql] ()
INFO     sqlalchemy.engine.Engine:base.py:1846 PRAGMA temp.table_info("task_team_association")
INFO     sqlalchemy.engine.Engine:base.py:1846 [raw sql] ()
INFO     sqlalchemy.engine.Engine:base.py:1846 PRAGMA main.table_info("user_teams")
INFO     sqlalchemy.engine.Engine:base.py:1846 [raw sql] ()
INFO     sqlalchemy.engine.Engine:base.py:1846 PRAGMA temp.table_info("user_teams")
INFO     sqlalchemy.engine.Engine:base.py:1846 [raw sql] ()
INFO     sqlalchemy.engine.Engine:base.py:1846 PRAGMA main.table_info("teams")
INFO     sqlalchemy.engine.Engine:base.py:1846 [raw sql] ()
INFO     sqlalchemy.engine.Engine:base.py:1846 PRAGMA temp.table_info("teams")
INFO     sqlalchemy.engine.Engine:base.py:1846 [raw sql] ()
INFO     sqlalchemy.engine.Engine:base.py:1846 PRAGMA main.table_info("programming_task")
INFO     sqlalchemy.engine.Engine:base.py:1846 [raw sql] ()
INFO     sqlalchemy.engine.Engine:base.py:1846 PRAGMA temp.table_info("programming_task")
INFO     sqlalchemy.engine.Engine:base.py:1846 [raw sql] ()
INFO     sqlalchemy.engine.Engine:base.py:1846 PRAGMA main.table_info("programming")
INFO     sqlalchemy.engine.Engine:base.py:1846 [raw sql] ()
INFO     sqlalchemy.engine.Engine:base.py:1846 PRAGMA temp.table_info("programming")
INFO     sqlalchemy.engine.Engine:base.py:1846 [raw sql] ()
INFO     sqlalchemy.engine.Engine:base.py:1846 PRAGMA main.table_info("task")
INFO     sqlalchemy.engine.Engine:base.py:1846 [raw sql] ()
INFO     sqlalchemy.engine.Engine:base.py:1846 PRAGMA temp.table_info("task")
INFO     sqlalchemy.engine.Engine:base.py:1846 [raw sql] ()
INFO     sqlalchemy.engine.Engine:base.py:1846 PRAGMA main.table_info("task_creation_notification")
INFO     sqlalchemy.engine.Engine:base.py:1846 [raw sql] ()
INFO     sqlalchemy.engine.Engine:base.py:1846 PRAGMA temp.table_info("task_creation_notification")
INFO     sqlalchemy.engine.Engine:base.py:1846 [raw sql] ()
INFO     sqlalchemy.engine.Engine:base.py:1846 PRAGMA main.table_info("stopwatch")
INFO     sqlalchemy.engine.Engine:base.py:1846 [raw sql] ()
INFO     sqlalchemy.engine.Engine:base.py:1846 PRAGMA temp.table_info("stopwatch")
INFO     sqlalchemy.engine.Engine:base.py:1846 [raw sql] ()
INFO     sqlalchemy.engine.Engine:base.py:1846 PRAGMA main.table_info("record_stopwatch")
INFO     sqlalchemy.engine.Engine:base.py:1846 [raw sql] ()
INFO     sqlalchemy.engine.Engine:base.py:1846 PRAGMA temp.table_info("record_stopwatch")
INFO     sqlalchemy.engine.Engine:base.py:1846 [raw sql] ()
INFO     sqlalchemy.engine.Engine:base.py:1846 PRAGMA main.table_info("test_record")
INFO     sqlalchemy.engine.Engine:base.py:1846 [raw sql] ()
INFO     sqlalchemy.engine.Engine:base.py:1846 PRAGMA temp.table_info("test_record")
INFO     sqlalchemy.engine.Engine:base.py:1846 [raw sql] ()
INFO     sqlalchemy.engine.Engine:base.py:1846 PRAGMA main.table_info("warehouse_history")
INFO     sqlalchemy.engine.Engine:base.py:1846 [raw sql] ()
INFO     sqlalchemy.engine.Engine:base.py:1846 PRAGMA temp.table_info("warehouse_history")
INFO     sqlalchemy.engine.Engine:base.py:1846 [raw sql] ()
INFO     sqlalchemy.engine.Engine:base.py:1846 PRAGMA main.table_info("task_status_log")
INFO     sqlalchemy.engine.Engine:base.py:1846 [raw sql] ()
INFO     sqlalchemy.engine.Engine:base.py:1846 PRAGMA temp.table_info("task_status_log")
INFO     sqlalchemy.engine.Engine:base.py:1846 [raw sql] ()
INFO     sqlalchemy.engine.Engine:base.py:1846 PRAGMA main.table_info("order_surplus")
INFO     sqlalchemy.engine.Engine:base.py:1846 [raw sql] ()
INFO     sqlalchemy.engine.Engine:base.py:1846 PRAGMA temp.table_info("order_surplus")
INFO     sqlalchemy.engine.Engine:base.py:1846 [raw sql] ()
INFO     sqlalchemy.engine.Engine:base.py:1846 PRAGMA main.table_info("quality_manual")
INFO     sqlalchemy.engine.Engine:base.py:1846 [raw sql] ()
INFO     sqlalchemy.engine.Engine:base.py:1846 PRAGMA temp.table_info("quality_manual")
INFO     sqlalchemy.engine.Engine:base.py:1846 [raw sql] ()
INFO     sqlalchemy.engine.Engine:base.py:1846 PRAGMA main.table_info("test_results")
INFO     sqlalchemy.engine.Engine:base.py:1846 [raw sql] ()
INFO     sqlalchemy.engine.Engine:base.py:1846 PRAGMA temp.table_info("test_results")
INFO     sqlalchemy.engine.Engine:base.py:1846 [raw sql] ()
INFO     sqlalchemy.engine.Engine:base.py:1846 PRAGMA main.table_info("catalog_test_question")
INFO     sqlalchemy.engine.Engine:base.py:1846 [raw sql] ()
INFO     sqlalchemy.engine.Engine:base.py:1846 PRAGMA temp.table_info("catalog_test_question")
INFO     sqlalchemy.engine.Engine:base.py:1846 [raw sql] ()
INFO     sqlalchemy.engine.Engine:base.py:1846 PRAGMA main.table_info("history_comparison")
INFO     sqlalchemy.engine.Engine:base.py:1846 [raw sql] ()
INFO     sqlalchemy.engine.Engine:base.py:1846 PRAGMA temp.table_info("history_comparison")
INFO     sqlalchemy.engine.Engine:base.py:1846 [raw sql] ()
INFO     sqlalchemy.engine.Engine:base.py:1846 PRAGMA main.table_info("historico_comparacion_fechas")
INFO     sqlalchemy.engine.Engine:base.py:1846 [raw sql] ()
INFO     sqlalchemy.engine.Engine:base.py:1846 PRAGMA temp.table_info("historico_comparacion_fechas")
INFO     sqlalchemy.engine.Engine:base.py:1846 [raw sql] ()
INFO     sqlalchemy.engine.Engine:base.py:1846 
CREATE TABLE users (
	id UUID NOT NULL, 
	username VARCHAR NOT NULL, 
	password VARCHAR NOT NULL, 
	full_name VARCHAR, 
	cargo VARCHAR, 
	role VARCHAR(14), 
	state VARCHAR(8), 
	signature BLOB, 
	document_name VARCHAR, 
	PRIMARY KEY (id)
)


INFO     sqlalchemy.engine.Engine:base.py:1846 [no key 0.00016s] ()
INFO     sqlalchemy.engine.Engine:base.py:1846 CREATE UNIQUE INDEX ix_users_username ON users (username)
INFO     sqlalchemy.engine.Engine:base.py:1846 [no key 0.00022s] ()
INFO     sqlalchemy.engine.Engine:base.py:1846 CREATE INDEX ix_users_id ON users (id)
INFO     sqlalchemy.engine.Engine:base.py:1846 [no key 0.00029s] ()
INFO     sqlalchemy.engine.Engine:base.py:1846 
CREATE TABLE daily_available (
	id UUID NOT NULL, 
	codigo VARCHAR(20), 
	description VARCHAR(80), 
	disponible INTEGER, 
	minimo INTEGER, 
	reorder INTEGER, 
	dias_disponibles INTEGER, 
	date_upload DATE, 
	PRIMARY KEY (id)
)


INFO     sqlalchemy.engine.Engine:base.py:1846 [no key 0.00032s] ()
INFO     sqlalchemy.engine.Engine:base.py:1846 
CREATE TABLE code (
	id UUID NOT NULL, 
	code VARCHAR, 
	description VARCHAR, 
	unit VARCHAR, 
	type VARCHAR, 
	activity VARCHAR, 
	quantity VARCHAR, 
	time FLOAT, 
	people INTEGER, 
	performance FLOAT, 
	material VARCHAR, 
	presentation VARCHAR, 
	"fabricationCode" VARCHAR, 
	"usefulLife" VARCHAR, 
	verification BOOLEAN, 
	PRIMARY KEY (id)
)


INFO     sqlalchemy.engine.Engine:base.py:1846 [no key 0.00029s] ()
INFO     sqlalchemy.engine.Engine:base.py:1846 
CREATE TABLE "order" (
	lote INTEGER NOT NULL, 
	description VARCHAR, 
	quantity FLOAT, 
	"dueDate" DATE, 
	status VARCHAR(16), 
	code VARCHAR, 
	bin INTEGER, 
	received_user VARCHAR, 
	received_date DATE, 
	received_quantity FLOAT, 
	fabricated_quantity FLOAT, 
	missing_quantity FLOAT, 
	submitted_user VARCHAR, 
	submitted_date DATE, 
	submitted_observations VARCHAR, 
	is_hidden BOOLEAN, 
	hidden_at DATETIME, 
	PRIMARY KEY (lote)
)


INFO     sqlalchemy.engine.Engine:base.py:1846 [no key 0.00028s] ()
INFO     sqlalchemy.engine.Engine:base.py:1846 
CREATE TABLE preparation (
	id UUID NOT NULL, 
	description VARCHAR, 
	minutes INTEGER, 
	PRIMARY KEY (id)
)


INFO     sqlalchemy.engine.Engine:base.py:1846 [no key 0.00039s] ()
INFO     sqlalchemy.engine.Engine:base.py:1846 
CREATE TABLE task_creation_notification (
	id UUID NOT NULL, 
	created_at DATETIME NOT NULL, 
	created_by VARCHAR NOT NULL, 
	programming_info JSON NOT NULL, 
	order_count INTEGER NOT NULL, 
	PRIMARY KEY (id)
)


INFO     sqlalchemy.engine.Engine:base.py:1846 [no key 0.00028s] ()
INFO     sqlalchemy.engine.Engine:base.py:1846 
CREATE TABLE quality_manual (
	id INTEGER NOT NULL, 
	name VARCHAR NOT NULL, 
	"order" INTEGER NOT NULL, 
	created_at DATETIME NOT NULL, 
	created_by VARCHAR NOT NULL, 
	PRIMARY KEY (id)
)


INFO     sqlalchemy.engine.Engine:base.py:1846 [no key 0.00019s] ()
INFO     sqlalchemy.engine.Engine:base.py:1846 CREATE INDEX ix_quality_manual_id ON quality_manual (id)
INFO     sqlalchemy.engine.Engine:base.py:1846 [no key 0.00019s] ()
INFO     sqlalchemy.engine.Engine:base.py:1846 CREATE UNIQUE INDEX ix_quality_manual_name ON quality_manual (name)
INFO     sqlalchemy.engine.Engine:base.py:1846 [no key 0.00019s] ()
INFO     sqlalchemy.engine.Engine:base.py:1846 
CREATE TABLE history_comparison (
	id UUID NOT NULL, 
	code VARCHAR(20), 
	description VARCHAR(50), 
	tipo VARCHAR(20), 
	tiempo NUMERIC(7, 3), 
	total_tiempo_real NUMERIC(7, 3), 
	diferencia NUMERIC(6, 2), 
	compare_date DATE, 
	numero_personas INTEGER, 
	PRIMARY KEY (id)
)


INFO     sqlalchemy.engine.Engine:base.py:1846 [no key 0.00019s] ()
INFO     sqlalchemy.engine.Engine:base.py:1846 
CREATE TABLE historico_comparacion_fechas (
	id UUID NOT NULL, 
	fecha DATETIME NOT NULL, 
	PRIMARY KEY (id)
)


INFO     sqlalchemy.engine.Engine:base.py:1846 [no key 0.00019s] ()
INFO     sqlalchemy.engine.Engine:base.py:1846 
CREATE TABLE qc_manual (
	id INTEGER NOT NULL, 
	quality_manual_id INTEGER NOT NULL, 
	"createdAt" DATETIME NOT NULL, 
	created_by VARCHAR NOT NULL, 
	PRIMARY KEY (id), 
	FOREIGN KEY(quality_manual_id) REFERENCES quality_manual (id) ON DELETE CASCADE
)


INFO     sqlalchemy.engine.Engine:base.py:1846 [no key 0.00023s] ()
INFO     sqlalchemy.engine.Engine:base.py:1846 CREATE INDEX ix_qc_manual_id ON qc_manual (id)
INFO     sqlalchemy.engine.Engine:base.py:1846 [no key 0.00024s] ()
INFO     sqlalchemy.engine.Engine:base.py:1846 CREATE INDEX ix_qc_manual_quality_manual_id ON qc_manual (quality_manual_id)
INFO     sqlalchemy.engine.Engine:base.py:1846 [no key 0.00019s] ()
INFO     sqlalchemy.engine.Engine:base.py:1846 
CREATE TABLE teams (
	id UUID NOT NULL, 
	name VARCHAR, 
	"supervisorId" UUID, 
	PRIMARY KEY (id), 
	FOREIGN KEY("supervisorId") REFERENCES users (id)
)


INFO     sqlalchemy.engine.Engine:base.py:1846 [no key 0.00020s] ()
INFO     sqlalchemy.engine.Engine:base.py:1846 CREATE INDEX ix_teams_id ON teams (id)
INFO     sqlalchemy.engine.Engine:base.py:1846 [no key 0.00019s] ()
INFO     sqlalchemy.engine.Engine:base.py:1846 
CREATE TABLE task (
	id UUID NOT NULL, 
	code_id UUID, 
	preparation_id UUID, 
	created_by_user_id UUID, 
	lote VARCHAR, 
	original_packaging_lote VARCHAR, 
	quantity FLOAT, 
	specification VARCHAR, 
	minutes INTEGER, 
	start_time DATETIME, 
	end_time DATETIME, 
	people INTEGER, 
	performance FLOAT, 
	material VARCHAR, 
	presentation VARCHAR, 
	"fabricationCode" VARCHAR, 
	"usefulLife" VARCHAR, 
	related_task_code VARCHAR, 
	unit VARCHAR, 
	type VARCHAR, 
	activity VARCHAR, 
	description VARCHAR, 
	status VARCHAR NOT NULL, 
	is_completed BOOLEAN NOT NULL, 
	PRIMARY KEY (id), 
	FOREIGN KEY(code_id) REFERENCES code (id), 
	FOREIGN KEY(preparation_id) REFERENCES preparation (id), 
	FOREIGN KEY(created_by_user_id) REFERENCES users (id)
)


INFO     sqlalchemy.engine.Engine:base.py:1846 [no key 0.00018s] ()
INFO     sqlalchemy.engine.Engine:base.py:1846 
CREATE TABLE test_record (
	id UUID NOT NULL, 
	lote INTEGER NOT NULL, 
	code_id UUID NOT NULL, 
	status VARCHAR(8) NOT NULL, 
	performed_by VARCHAR, 
	performed_at DATETIME, 
	approved_by VARCHAR, 
	approved_at DATETIME, 
	comment VARCHAR, 
	analysis_number INTEGER, 
	PRIMARY KEY (id), 
	FOREIGN KEY(lote) REFERENCES "order" (lote), 
	FOREIGN KEY(code_id) REFERENCES code (id)
)


INFO     sqlalchemy.engine.Engine:base.py:1846 [no key 0.00018s] ()
INFO     sqlalchemy.engine.Engine:base.py:1846 
CREATE TABLE warehouse_history (
	id UUID NOT NULL, 
	lote INTEGER NOT NULL, 
	code VARCHAR NOT NULL, 
	quantity FLOAT NOT NULL, 
	type VARCHAR(15) NOT NULL, 
	user VARCHAR NOT NULL, 
	timestamp DATETIME, 
	observations VARCHAR, 
	PRIMARY KEY (id), 
	FOREIGN KEY(lote) REFERENCES "order" (lote)
)


INFO     sqlalchemy.engine.Engine:base.py:1846 [no key 0.00023s] ()
INFO     sqlalchemy.engine.Engine:base.py:1846 
CREATE TABLE order_surplus (
	id UUID NOT NULL, 
	lote INTEGER NOT NULL, 
	date DATE NOT NULL, 
	code VARCHAR NOT NULL, 
	description VARCHAR, 
	original_quantity FLOAT NOT NULL, 
	received_quantity FLOAT NOT NULL, 
	surplus FLOAT NOT NULL, 
	created_at DATETIME, 
	PRIMARY KEY (id), 
	FOREIGN KEY(lote) REFERENCES "order" (lote)
)


INFO     sqlalchemy.engine.Engine:base.py:1846 [no key 0.00020s] ()
INFO     sqlalchemy.engine.Engine:base.py:1846 
CREATE TABLE qc_manual_chapter (
	id UUID NOT NULL, 
	manual_id INTEGER NOT NULL, 
	parent_chapter_id UUID, 
	title VARCHAR NOT NULL, 
	content TEXT, 
	chapter_type VARCHAR NOT NULL, 
	"order" INTEGER NOT NULL, 
	created_at DATETIME NOT NULL, 
	created_by VARCHAR NOT NULL, 
	updated_at DATETIME, 
	updated_by VARCHAR, 
	PRIMARY KEY (id), 
	FOREIGN KEY(manual_id) REFERENCES qc_manual (id) ON DELETE CASCADE, 
	FOREIGN KEY(parent_chapter_id) REFERENCES qc_manual_chapter (id) ON DELETE CASCADE
)


INFO     sqlalchemy.engine.Engine:base.py:1846 [no key 0.00018s] ()
INFO     sqlalchemy.engine.Engine:base.py:1846 CREATE INDEX ix_qc_manual_chapter_parent_chapter_id ON qc_manual_chapter (parent_chapter_id)
INFO     sqlalchemy.engine.Engine:base.py:1846 [no key 0.00020s] ()
INFO     sqlalchemy.engine.Engine:base.py:1846 CREATE INDEX ix_qc_manual_chapter_manual_id ON qc_manual_chapter (manual_id)
INFO     sqlalchemy.engine.Engine:base.py:1846 [no key 0.00018s] ()
INFO     sqlalchemy.engine.Engine:base.py:1846 
CREATE TABLE task_team_association (
	task_id UUID, 
	team_id UUID, 
	FOREIGN KEY(task_id) REFERENCES task (id), 
	FOREIGN KEY(team_id) REFERENCES teams (id)
)


INFO     sqlalchemy.engine.Engine:base.py:1846 [no key 0.00030s] ()
INFO     sqlalchemy.engine.Engine:base.py:1846 
CREATE TABLE user_teams (
	id UUID NOT NULL, 
	user_id UUID, 
	team_id UUID, 
	start_date DATE NOT NULL, 
	end_date DATE, 
	PRIMARY KEY (id), 
	FOREIGN KEY(user_id) REFERENCES users (id), 
	FOREIGN KEY(team_id) REFERENCES teams (id)
)


INFO     sqlalchemy.engine.Engine:base.py:1846 [no key 0.00017s] ()
INFO     sqlalchemy.engine.Engine:base.py:1846 CREATE INDEX ix_user_teams_id ON user_teams (id)
INFO     sqlalchemy.engine.Engine:base.py:1846 [no key 0.00017s] ()
INFO     sqlalchemy.engine.Engine:base.py:1846 
CREATE TABLE programming (
	id UUID NOT NULL, 
	date DATE NOT NULL, 
	status VARCHAR(11) NOT NULL, 
	team_id UUID NOT NULL, 
	PRIMARY KEY (id), 
	CONSTRAINT _date_team_uc UNIQUE (date, team_id), 
	FOREIGN KEY(team_id) REFERENCES teams (id)
)


INFO     sqlalchemy.engine.Engine:base.py:1846 [no key 0.00021s] ()
INFO     sqlalchemy.engine.Engine:base.py:1846 
CREATE TABLE stopwatch (
	id UUID NOT NULL, 
	task_id UUID NOT NULL, 
	status VARCHAR(7) NOT NULL, 
	quantity FLOAT NOT NULL, 
	accumulated_duration FLOAT NOT NULL, 
	is_from_programming BOOLEAN NOT NULL, 
	created_at DATETIME, 
	update_at DATETIME, 
	PRIMARY KEY (id), 
	FOREIGN KEY(task_id) REFERENCES task (id)
)


INFO     sqlalchemy.engine.Engine:base.py:1846 [no key 0.00017s] ()
INFO     sqlalchemy.engine.Engine:base.py:1846 
CREATE TABLE record_stopwatch (
	id UUID NOT NULL, 
	task_id UUID NOT NULL, 
	quantity FLOAT NOT NULL, 
	accumulated_duration FLOAT NOT NULL, 
	comments VARCHAR, 
	creation_date DATETIME DEFAULT CURRENT_TIMESTAMP, 
	PRIMARY KEY (id), 
	FOREIGN KEY(task_id) REFERENCES task (id)
)


INFO     sqlalchemy.engine.Engine:base.py:1846 [no key 0.00024s] ()
INFO     sqlalchemy.engine.Engine:base.py:1846 
CREATE TABLE task_status_log (
	id UUID NOT NULL, 
	task_id UUID NOT NULL, 
	status VARCHAR(9) NOT NULL, 
	start_time DATETIME NOT NULL, 
	end_time DATETIME, 
	PRIMARY KEY (id), 
	FOREIGN KEY(task_id) REFERENCES task (id)
)


INFO     sqlalchemy.engine.Engine:base.py:1846 [no key 0.00024s] ()
INFO     sqlalchemy.engine.Engine:base.py:1846 
CREATE TABLE catalog_test (
	id UUID NOT NULL, 
	name VARCHAR NOT NULL, 
	quality_manual_id INTEGER, 
	chapter_id UUID, 
	chapter VARCHAR, 
	status BOOLEAN NOT NULL, 
	PRIMARY KEY (id), 
	FOREIGN KEY(quality_manual_id) REFERENCES quality_manual (id) ON DELETE SET NULL, 
	FOREIGN KEY(chapter_id) REFERENCES qc_manual_chapter (id) ON DELETE SET NULL
)


INFO     sqlalchemy.engine.Engine:base.py:1846 [no key 0.00018s] ()
INFO     sqlalchemy.engine.Engine:base.py:1846 CREATE INDEX ix_catalog_test_chapter_id ON catalog_test (chapter_id)
INFO     sqlalchemy.engine.Engine:base.py:1846 [no key 0.00022s] ()
INFO     sqlalchemy.engine.Engine:base.py:1846 CREATE INDEX ix_catalog_test_quality_manual_id ON catalog_test (quality_manual_id)
INFO     sqlalchemy.engine.Engine:base.py:1846 [no key 0.00026s] ()
INFO     sqlalchemy.engine.Engine:base.py:1846 
CREATE TABLE programming_task (
	programming_id UUID NOT NULL, 
	task_id UUID NOT NULL, 
	created_at DATETIME, 
	"order" INTEGER NOT NULL, 
	start_time DATETIME, 
	end_time DATETIME, 
	real_start_time DATETIME, 
	real_end_time DATETIME, 
	real_quantity FLOAT, 
	duration_in_hours FLOAT, 
	comment VARCHAR, 
	completed_by_user_id UUID, 
	is_completed BOOLEAN, 
	PRIMARY KEY (programming_id, task_id), 
	FOREIGN KEY(programming_id) REFERENCES programming (id), 
	FOREIGN KEY(task_id) REFERENCES task (id), 
	FOREIGN KEY(completed_by_user_id) REFERENCES users (id)
)


INFO     sqlalchemy.engine.Engine:base.py:1846 [no key 0.00023s] ()
INFO     sqlalchemy.engine.Engine:base.py:1846 
CREATE TABLE code_test (
	id UUID NOT NULL, 
	code_id UUID NOT NULL, 
	catalog_test_id UUID NOT NULL, 
	PRIMARY KEY (id), 
	FOREIGN KEY(code_id) REFERENCES code (id), 
	FOREIGN KEY(catalog_test_id) REFERENCES catalog_test (id) ON DELETE CASCADE
)


INFO     sqlalchemy.engine.Engine:base.py:1846 [no key 0.00018s] ()
INFO     sqlalchemy.engine.Engine:base.py:1846 
CREATE TABLE test_results (
	id UUID NOT NULL, 
	test_record_id UUID NOT NULL, 
	catalog_test_id UUID NOT NULL, 
	answer JSON NOT NULL, 
	PRIMARY KEY (id), 
	FOREIGN KEY(test_record_id) REFERENCES test_record (id), 
	FOREIGN KEY(catalog_test_id) REFERENCES catalog_test (id) ON DELETE CASCADE
)


INFO     sqlalchemy.engine.Engine:base.py:1846 [no key 0.00017s] ()
INFO     sqlalchemy.engine.Engine:base.py:1846 
CREATE TABLE catalog_test_question (
	id UUID NOT NULL, 
	catalog_test_id UUID NOT NULL, 
	chapter_id UUID, 
	question VARCHAR NOT NULL, 
	specification VARCHAR, 
	options VARCHAR, 
	type VARCHAR(5) NOT NULL, 
	PRIMARY KEY (id), 
	FOREIGN KEY(catalog_test_id) REFERENCES catalog_test (id) ON DELETE CASCADE, 
	FOREIGN KEY(chapter_id) REFERENCES qc_manual_chapter (id) ON DELETE SET NULL
)


INFO     sqlalchemy.engine.Engine:base.py:1846 [no key 0.00017s] ()
INFO     sqlalchemy.engine.Engine:base.py:1846 CREATE INDEX ix_catalog_test_question_chapter_id ON catalog_test_question (chapter_id)
INFO     sqlalchemy.engine.Engine:base.py:1846 [no key 0.00019s] ()
INFO     sqlalchemy.engine.Engine:base.py:1846 
CREATE TABLE code_test_parameter_specification (
	id UUID NOT NULL, 
	code_id UUID NOT NULL, 
	question_id UUID NOT NULL, 
	specification VARCHAR NOT NULL, 
	PRIMARY KEY (id), 
	FOREIGN KEY(code_id) REFERENCES code (id) ON DELETE CASCADE, 
	FOREIGN KEY(question_id) REFERENCES catalog_test_question (id) ON DELETE CASCADE
)


INFO     sqlalchemy.engine.Engine:base.py:1846 [no key 0.00018s] ()
INFO     sqlalchemy.engine.Engine:base.py:1846 CREATE INDEX ix_code_test_parameter_specification_question_id ON code_test_parameter_specification (question_id)
INFO     sqlalchemy.engine.Engine:base.py:1846 [no key 0.00021s] ()
INFO     sqlalchemy.engine.Engine:base.py:1846 CREATE INDEX ix_code_test_parameter_specification_code_id ON code_test_parameter_specification (code_id)
INFO     sqlalchemy.engine.Engine:base.py:1846 [no key 0.00038s] ()
INFO     sqlalchemy.engine.Engine:base.py:2708 COMMIT
INFO     sqlalchemy.engine.Engine:base.py:2702 BEGIN (implicit)
INFO     sqlalchemy.engine.Engine:base.py:1846 INSERT INTO users (id, username, password, full_name, cargo, role, state, signature, document_name) VALUES (?, ?, ?, ?, ?, ?, ?, ?, ?)
INFO     sqlalchemy.engine.Engine:base.py:1846 [generated in 0.00025s] ('5218cee4499247968c5414de32eba0e4', 'admin', 'adminpassword123', None, None, 'ADMIN', 'ACTIVE', None, None)
INFO     sqlalchemy.engine.Engine:base.py:2708 COMMIT
INFO     sqlalchemy.engine.Engine:base.py:2702 BEGIN (implicit)
INFO     sqlalchemy.engine.Engine:base.py:1846 SELECT users.id, users.username, users.password, users.full_name, users.cargo, users.role, users.state, users.signature, users.document_name 
FROM users 
WHERE users.id = ?
INFO     sqlalchemy.engine.Engine:base.py:1846 [generated in 0.00021s] ('5218cee4499247968c5414de32eba0e4',)
INFO     sqlalchemy.engine.Engine:base.py:1846 INSERT INTO users (id, username, password, full_name, cargo, role, state, signature, document_name) VALUES (?, ?, ?, ?, ?, ?, ?, ?, ?)
INFO     sqlalchemy.engine.Engine:base.py:1846 [cached since 0.02202s ago] ('82b523156e1c4adb98355af533febda1', 'supervisor', 'supervisorpassword123', None, None, 'SUPERVISOR', 'ACTIVE', None, None)
INFO     sqlalchemy.engine.Engine:base.py:2708 COMMIT
INFO     sqlalchemy.engine.Engine:base.py:2702 BEGIN (implicit)
INFO     sqlalchemy.engine.Engine:base.py:1846 SELECT users.id, users.username, users.password, users.full_name, users.cargo, users.role, users.state, users.signature, users.document_name 
FROM users 
WHERE users.id = ?
INFO     sqlalchemy.engine.Engine:base.py:1846 [cached since 0.01744s ago] ('82b523156e1c4adb98355af533febda1',)
INFO     sqlalchemy.engine.Engine:base.py:1846 INSERT INTO teams (id, name, "supervisorId") VALUES (?, ?, ?)
INFO     sqlalchemy.engine.Engine:base.py:1846 [generated in 0.00020s] ('290b3f893f4248a08b766f3269b27903', 'Test Team', '82b523156e1c4adb98355af533febda1')
INFO     sqlalchemy.engine.Engine:base.py:2708 COMMIT
INFO     sqlalchemy.engine.Engine:base.py:2702 BEGIN (implicit)
INFO     sqlalchemy.engine.Engine:base.py:1846 SELECT teams.id, teams.name, teams."supervisorId" 
FROM teams 
WHERE teams.id = ?
INFO     sqlalchemy.engine.Engine:base.py:1846 [generated in 0.00022s] ('290b3f893f4248a08b766f3269b27903',)
INFO     sqlalchemy.engine.Engine:base.py:1846 INSERT INTO programming (id, date, status, team_id) VALUES (?, ?, ?, ?)
INFO     sqlalchemy.engine.Engine:base.py:1846 [generated in 0.00025s] ('d28e240a38664dc5b9e1e4bc96df185b', '2026-03-11', 'available', '290b3f893f4248a08b766f3269b27903')
INFO     sqlalchemy.engine.Engine:base.py:2708 COMMIT
INFO     sqlalchemy.engine.Engine:base.py:2702 BEGIN (implicit)
INFO     sqlalchemy.engine.Engine:base.py:1846 SELECT programming.id, programming.date, programming.status, programming.team_id 
FROM programming 
WHERE programming.id = ?
INFO     sqlalchemy.engine.Engine:base.py:1846 [generated in 0.00016s] ('d28e240a38664dc5b9e1e4bc96df185b',)
INFO     sqlalchemy.engine.Engine:base.py:1846 INSERT INTO code (id, code, description, unit, type, activity, quantity, time, people, performance, material, presentation, "fabricationCode", "usefulLife", verification) VALUES (?, ?, ?, ?, ?, ?, ?, ?, ?, ?, ?, ?, ?, ?, ?)
INFO     sqlalchemy.engine.Engine:base.py:1846 [generated in 0.00028s] ('eea3fa78d64346ac91d36fa7c1ca6932', 'TEST001', 'Test Code Description', 'kg', 'production', 'manufacturing', '100', 120.0, 5, 0.85, 'Test Material', 'Test Presentation', 'FAB001', '30 days', 0)
INFO     sqlalchemy.engine.Engine:base.py:2708 COMMIT
INFO     sqlalchemy.engine.Engine:base.py:2702 BEGIN (implicit)
INFO     sqlalchemy.engine.Engine:base.py:1846 SELECT code.id, code.code, code.description, code.unit, code.type, code.activity, code.quantity, code.time, code.people, code.performance, code.material, code.presentation, code."fabricationCode", code."usefulLife", code.verification 
FROM code 
WHERE code.id = ?
INFO     sqlalchemy.engine.Engine:base.py:1846 [generated in 0.00019s] ('eea3fa78d64346ac91d36fa7c1ca6932',)
INFO     sqlalchemy.engine.Engine:base.py:1846 INSERT INTO task (id, code_id, preparation_id, created_by_user_id, lote, original_packaging_lote, quantity, specification, minutes, start_time, end_time, people, performance, material, presentation, "fabricationCode", "usefulLife", related_task_code, unit, type, activity, description, status, is_completed) VALUES (?, ?, ?, ?, ?, ?, ?, ?, ?, ?, ?, ?, ?, ?, ?, ?, ?, ?, ?, ?, ?, ?, ?, ?)
INFO     sqlalchemy.engine.Engine:base.py:1846 [generated in 0.00027s] ('4abd27ec0a464636a76d6a221f201505', 'eea3fa78d64346ac91d36fa7c1ca6932', None, None, 'TEST123', None, 50.0, 'Test specification', 120, '2026-03-11 08:42:45.217007', '2026-03-11 10:42:45.217008', 3, 0.9, 'Test material', 'Test presentation', 'FAB123', '30 days', 'REL123', 'kg', 'production', 'manufacturing', 'Test task description', 'pendiente', 0)
INFO     sqlalchemy.engine.Engine:base.py:2708 COMMIT
INFO     sqlalchemy.engine.Engine:base.py:2702 BEGIN (implicit)
INFO     sqlalchemy.engine.Engine:base.py:1846 SELECT task.id, task.code_id, task.preparation_id, task.created_by_user_id, task.lote, task.original_packaging_lote, task.quantity, task.specification, task.minutes, task.start_time, task.end_time, task.people, task.performance, task.material, task.presentation, task."fabricationCode", task."usefulLife", task.related_task_code, task.unit, task.type, task.activity, task.description, task.status, task.is_completed 
FROM task 
WHERE task.id = ?
INFO     sqlalchemy.engine.Engine:base.py:1846 [generated in 0.00024s] ('4abd27ec0a464636a76d6a221f201505',)
---------------------------- Captured stdout call -----------------------------
[32m2026-03-11 08:42:45,244 - sqlalchemy.engine.Engine - INFO - SELECT programming.id AS programming_id, programming.date AS programming_date, programming.status AS programming_status, programming.team_id AS programming_team_id 
FROM programming 
WHERE programming.id = ?[0m
[32m2026-03-11 08:42:45,245 - sqlalchemy.engine.Engine - INFO - [generated in 0.00020s] ('d28e240a38664dc5b9e1e4bc96df185b',)[0m
[32m2026-03-11 08:42:45,246 - sqlalchemy.engine.Engine - INFO - INSERT INTO programming_task (programming_id, task_id, created_at, "order", start_time, end_time, real_start_time, real_end_time, real_quantity, duration_in_hours, comment, completed_by_user_id, is_completed) VALUES (?, ?, ?, ?, ?, ?, ?, ?, ?, ?, ?, ?, ?)[0m
[32m2026-03-11 08:42:45,247 - sqlalchemy.engine.Engine - INFO - [generated in 0.00022s] ('d28e240a38664dc5b9e1e4bc96df185b', '4abd27ec0a464636a76d6a221f201505', '2026-03-11 08:42:45.246825', 1, None, None, None, None, None, None, None, None, None)[0m
[32m2026-03-11 08:42:45,248 - sqlalchemy.engine.Engine - INFO - COMMIT[0m
[32m2026-03-11 08:42:45,256 - sqlalchemy.engine.Engine - INFO - BEGIN (implicit)[0m
[32m2026-03-11 08:42:45,256 - sqlalchemy.engine.Engine - INFO - SELECT programming.id AS programming_id, programming.date AS programming_date, programming.status AS programming_status, programming.team_id AS programming_team_id 
FROM programming 
WHERE programming.id = ?[0m
[32m2026-03-11 08:42:45,257 - sqlalchemy.engine.Engine - INFO - [cached since 0.0122s ago] ('d28e240a38664dc5b9e1e4bc96df185b',)[0m
[32m2026-03-11 08:42:45,258 - sqlalchemy.engine.Engine - INFO - SELECT task.id AS task_id, task.code_id AS task_code_id, task.preparation_id AS task_preparation_id, task.created_by_user_id AS task_created_by_user_id, task.lote AS task_lote, task.original_packaging_lote AS task_original_packaging_lote, task.quantity AS task_quantity, task.specification AS task_specification, task.minutes AS task_minutes, task.start_time AS task_start_time, task.end_time AS task_end_time, task.people AS task_people, task.performance AS task_performance, task.material AS task_material, task.presentation AS task_presentation, task."fabricationCode" AS "task_fabricationCode", task."usefulLife" AS "task_usefulLife", task.related_task_code AS task_related_task_code, task.unit AS task_unit, task.type AS task_type, task.activity AS task_activity, task.description AS task_description, task.status AS task_status, task.is_completed AS task_is_completed 
FROM task 
WHERE task.id = ?[0m
[32m2026-03-11 08:42:45,258 - sqlalchemy.engine.Engine - INFO - [generated in 0.00016s] ('4abd27ec0a464636a76d6a221f201505',)[0m
[32m2026-03-11 08:42:45,260 - app.main - INFO - Request iniciada: PATCH http://testserver/api/v1/programmings/d28e240a-3866-4dc5-b9e1-e4bc96df185b/tasks/4abd27ec-0a46-4636-a76d-6a221f201505/quantity[0m
[32m2026-03-11 08:42:45,263 - sqlalchemy.engine.Engine - INFO - BEGIN (implicit)[0m
[32m2026-03-11 08:42:45,265 - sqlalchemy.engine.Engine - INFO - ROLLBACK[0m
[31m2026-03-11 08:42:45,266 - app.exception_handlers - ERROR - Database Error: Error en la base de datos
NoneType: None[0m
[32m2026-03-11 08:42:45,266 - app.main - INFO - Request completada: PATCH http://testserver/api/v1/programmings/d28e240a-3866-4dc5-b9e1-e4bc96df185b/tasks/4abd27ec-0a46-4636-a76d-6a221f201505/quantity - 503 (0.006s)[0m
[32m2026-03-11 08:42:45,267 - httpx - INFO - HTTP Request: PATCH http://testserver/api/v1/programmings/d28e240a-3866-4dc5-b9e1-e4bc96df185b/tasks/4abd27ec-0a46-4636-a76d-6a221f201505/quantity "HTTP/1.1 503 Service Unavailable"[0m
------------------------------ Captured log call ------------------------------
INFO     sqlalchemy.engine.Engine:base.py:1846 SELECT programming.id AS programming_id, programming.date AS programming_date, programming.status AS programming_status, programming.team_id AS programming_team_id 
FROM programming 
WHERE programming.id = ?
INFO     sqlalchemy.engine.Engine:base.py:1846 [generated in 0.00020s] ('d28e240a38664dc5b9e1e4bc96df185b',)
INFO     sqlalchemy.engine.Engine:base.py:1846 INSERT INTO programming_task (programming_id, task_id, created_at, "order", start_time, end_time, real_start_time, real_end_time, real_quantity, duration_in_hours, comment, completed_by_user_id, is_completed) VALUES (?, ?, ?, ?, ?, ?, ?, ?, ?, ?, ?, ?, ?)
INFO     sqlalchemy.engine.Engine:base.py:1846 [generated in 0.00022s] ('d28e240a38664dc5b9e1e4bc96df185b', '4abd27ec0a464636a76d6a221f201505', '2026-03-11 08:42:45.246825', 1, None, None, None, None, None, None, None, None, None)
INFO     sqlalchemy.engine.Engine:base.py:2708 COMMIT
INFO     sqlalchemy.engine.Engine:base.py:2702 BEGIN (implicit)
INFO     sqlalchemy.engine.Engine:base.py:1846 SELECT programming.id AS programming_id, programming.date AS programming_date, programming.status AS programming_status, programming.team_id AS programming_team_id 
FROM programming 
WHERE programming.id = ?
INFO     sqlalchemy.engine.Engine:base.py:1846 [cached since 0.0122s ago] ('d28e240a38664dc5b9e1e4bc96df185b',)
INFO     sqlalchemy.engine.Engine:base.py:1846 SELECT task.id AS task_id, task.code_id AS task_code_id, task.preparation_id AS task_preparation_id, task.created_by_user_id AS task_created_by_user_id, task.lote AS task_lote, task.original_packaging_lote AS task_original_packaging_lote, task.quantity AS task_quantity, task.specification AS task_specification, task.minutes AS task_minutes, task.start_time AS task_start_time, task.end_time AS task_end_time, task.people AS task_people, task.performance AS task_performance, task.material AS task_material, task.presentation AS task_presentation, task."fabricationCode" AS "task_fabricationCode", task."usefulLife" AS "task_usefulLife", task.related_task_code AS task_related_task_code, task.unit AS task_unit, task.type AS task_type, task.activity AS task_activity, task.description AS task_description, task.status AS task_status, task.is_completed AS task_is_completed 
FROM task 
WHERE task.id = ?
INFO     sqlalchemy.engine.Engine:base.py:1846 [generated in 0.00016s] ('4abd27ec0a464636a76d6a221f201505',)
INFO     app.main:main.py:108 Request iniciada: PATCH http://testserver/api/v1/programmings/d28e240a-3866-4dc5-b9e1-e4bc96df185b/tasks/4abd27ec-0a46-4636-a76d-6a221f201505/quantity
INFO     sqlalchemy.engine.Engine:base.py:2702 BEGIN (implicit)
INFO     sqlalchemy.engine.Engine:base.py:2705 ROLLBACK
ERROR    app.exception_handlers:exception_handlers.py:172 Database Error: Error en la base de datos
NoneType: None
INFO     app.main:main.py:116 Request completada: PATCH http://testserver/api/v1/programmings/d28e240a-3866-4dc5-b9e1-e4bc96df185b/tasks/4abd27ec-0a46-4636-a76d-6a221f201505/quantity - 503 (0.006s)
INFO     httpx:_client.py:1025 HTTP Request: PATCH http://testserver/api/v1/programmings/d28e240a-3866-4dc5-b9e1-e4bc96df185b/tasks/4abd27ec-0a46-4636-a76d-6a221f201505/quantity "HTTP/1.1 503 Service Unavailable"
-------------------------- Captured stdout teardown ---------------------------
[32m2026-03-11 08:42:45,490 - sqlalchemy.engine.Engine - INFO - ROLLBACK[0m
[32m2026-03-11 08:42:45,490 - sqlalchemy.engine.Engine - INFO - BEGIN (implicit)[0m
[32m2026-03-11 08:42:45,490 - sqlalchemy.engine.Engine - INFO - PRAGMA main.table_info("users")[0m
[32m2026-03-11 08:42:45,490 - sqlalchemy.engine.Engine - INFO - [raw sql] ()[0m
[32m2026-03-11 08:42:45,490 - sqlalchemy.engine.Engine - INFO - PRAGMA main.table_info("daily_available")[0m
[32m2026-03-11 08:42:45,491 - sqlalchemy.engine.Engine - INFO - [raw sql] ()[0m
[32m2026-03-11 08:42:45,491 - sqlalchemy.engine.Engine - INFO - PRAGMA main.table_info("catalog_test")[0m
[32m2026-03-11 08:42:45,491 - sqlalchemy.engine.Engine - INFO - [raw sql] ()[0m
[32m2026-03-11 08:42:45,491 - sqlalchemy.engine.Engine - INFO - PRAGMA main.table_info("code")[0m
[32m2026-03-11 08:42:45,491 - sqlalchemy.engine.Engine - INFO - [raw sql] ()[0m
[32m2026-03-11 08:42:45,492 - sqlalchemy.engine.Engine - INFO - PRAGMA main.table_info("code_test")[0m
[32m2026-03-11 08:42:45,492 - sqlalchemy.engine.Engine - INFO - [raw sql] ()[0m
[32m2026-03-11 08:42:45,492 - sqlalchemy.engine.Engine - INFO - PRAGMA main.table_info("order")[0m
[32m2026-03-11 08:42:45,493 - sqlalchemy.engine.Engine - INFO - [raw sql] ()[0m
[32m2026-03-11 08:42:45,493 - sqlalchemy.engine.Engine - INFO - PRAGMA main.table_info("code_test_parameter_specification")[0m
[32m2026-03-11 08:42:45,493 - sqlalchemy.engine.Engine - INFO - [raw sql] ()[0m
[32m2026-03-11 08:42:45,494 - sqlalchemy.engine.Engine - INFO - PRAGMA main.table_info("qc_manual")[0m
[32m2026-03-11 08:42:45,494 - sqlalchemy.engine.Engine - INFO - [raw sql] ()[0m
[32m2026-03-11 08:42:45,494 - sqlalchemy.engine.Engine - INFO - PRAGMA main.table_info("qc_manual_chapter")[0m
[32m2026-03-11 08:42:45,494 - sqlalchemy.engine.Engine - INFO - [raw sql] ()[0m
[32m2026-03-11 08:42:45,495 - sqlalchemy.engine.Engine - INFO - PRAGMA main.table_info("preparation")[0m
[32m2026-03-11 08:42:45,495 - sqlalchemy.engine.Engine - INFO - [raw sql] ()[0m
[32m2026-03-11 08:42:45,495 - sqlalchemy.engine.Engine - INFO - PRAGMA main.table_info("task_team_association")[0m
[32m2026-03-11 08:42:45,495 - sqlalchemy.engine.Engine - INFO - [raw sql] ()[0m
[32m2026-03-11 08:42:45,496 - sqlalchemy.engine.Engine - INFO - PRAGMA main.table_info("user_teams")[0m
[32m2026-03-11 08:42:45,496 - sqlalchemy.engine.Engine - INFO - [raw sql] ()[0m
[32m2026-03-11 08:42:45,496 - sqlalchemy.engine.Engine - INFO - PRAGMA main.table_info("teams")[0m
[32m2026-03-11 08:42:45,496 - sqlalchemy.engine.Engine - INFO - [raw sql] ()[0m
[32m2026-03-11 08:42:45,497 - sqlalchemy.engine.Engine - INFO - PRAGMA main.table_info("programming_task")[0m
[32m2026-03-11 08:42:45,497 - sqlalchemy.engine.Engine - INFO - [raw sql] ()[0m
[32m2026-03-11 08:42:45,497 - sqlalchemy.engine.Engine - INFO - PRAGMA main.table_info("programming")[0m
[32m2026-03-11 08:42:45,497 - sqlalchemy.engine.Engine - INFO - [raw sql] ()[0m
[32m2026-03-11 08:42:45,498 - sqlalchemy.engine.Engine - INFO - PRAGMA main.table_info("task")[0m
[32m2026-03-11 08:42:45,498 - sqlalchemy.engine.Engine - INFO - [raw sql] ()[0m
[32m2026-03-11 08:42:45,498 - sqlalchemy.engine.Engine - INFO - PRAGMA main.table_info("task_creation_notification")[0m
[32m2026-03-11 08:42:45,498 - sqlalchemy.engine.Engine - INFO - [raw sql] ()[0m
[32m2026-03-11 08:42:45,498 - sqlalchemy.engine.Engine - INFO - PRAGMA main.table_info("stopwatch")[0m
[32m2026-03-11 08:42:45,498 - sqlalchemy.engine.Engine - INFO - [raw sql] ()[0m
[32m2026-03-11 08:42:45,499 - sqlalchemy.engine.Engine - INFO - PRAGMA main.table_info("record_stopwatch")[0m
[32m2026-03-11 08:42:45,499 - sqlalchemy.engine.Engine - INFO - [raw sql] ()[0m
[32m2026-03-11 08:42:45,499 - sqlalchemy.engine.Engine - INFO - PRAGMA main.table_info("test_record")[0m
[32m2026-03-11 08:42:45,499 - sqlalchemy.engine.Engine - INFO - [raw sql] ()[0m
[32m2026-03-11 08:42:45,499 - sqlalchemy.engine.Engine - INFO - PRAGMA main.table_info("warehouse_history")[0m
[32m2026-03-11 08:42:45,499 - sqlalchemy.engine.Engine - INFO - [raw sql] ()[0m
[32m2026-03-11 08:42:45,500 - sqlalchemy.engine.Engine - INFO - PRAGMA main.table_info("task_status_log")[0m
[32m2026-03-11 08:42:45,500 - sqlalchemy.engine.Engine - INFO - [raw sql] ()[0m
[32m2026-03-11 08:42:45,500 - sqlalchemy.engine.Engine - INFO - PRAGMA main.table_info("order_surplus")[0m
[32m2026-03-11 08:42:45,500 - sqlalchemy.engine.Engine - INFO - [raw sql] ()[0m
[32m2026-03-11 08:42:45,500 - sqlalchemy.engine.Engine - INFO - PRAGMA main.table_info("quality_manual")[0m
[32m2026-03-11 08:42:45,500 - sqlalchemy.engine.Engine - INFO - [raw sql] ()[0m
[32m2026-03-11 08:42:45,500 - sqlalchemy.engine.Engine - INFO - PRAGMA main.table_info("test_results")[0m
[32m2026-03-11 08:42:45,500 - sqlalchemy.engine.Engine - INFO - [raw sql] ()[0m
[32m2026-03-11 08:42:45,501 - sqlalchemy.engine.Engine - INFO - PRAGMA main.table_info("catalog_test_question")[0m
[32m2026-03-11 08:42:45,501 - sqlalchemy.engine.Engine - INFO - [raw sql] ()[0m
[32m2026-03-11 08:42:45,501 - sqlalchemy.engine.Engine - INFO - PRAGMA main.table_info("history_comparison")[0m
[32m2026-03-11 08:42:45,501 - sqlalchemy.engine.Engine - INFO - [raw sql] ()[0m
[32m2026-03-11 08:42:45,502 - sqlalchemy.engine.Engine - INFO - PRAGMA main.table_info("historico_comparacion_fechas")[0m
[32m2026-03-11 08:42:45,502 - sqlalchemy.engine.Engine - INFO - [raw sql] ()[0m
[32m2026-03-11 08:42:45,503 - sqlalchemy.engine.Engine - INFO - 
DROP TABLE code_test_parameter_specification[0m
[32m2026-03-11 08:42:45,503 - sqlalchemy.engine.Engine - INFO - [no key 0.00016s] ()[0m
[32m2026-03-11 08:42:45,516 - sqlalchemy.engine.Engine - INFO - 
DROP TABLE catalog_test_question[0m
[32m2026-03-11 08:42:45,516 - sqlalchemy.engine.Engine - INFO - [no key 0.00022s] ()[0m
[32m2026-03-11 08:42:45,525 - sqlalchemy.engine.Engine - INFO - 
DROP TABLE test_results[0m
[32m2026-03-11 08:42:45,526 - sqlalchemy.engine.Engine - INFO - [no key 0.00023s] ()[0m
[32m2026-03-11 08:42:45,535 - sqlalchemy.engine.Engine - INFO - 
DROP TABLE code_test[0m
[32m2026-03-11 08:42:45,535 - sqlalchemy.engine.Engine - INFO - [no key 0.00019s] ()[0m
[32m2026-03-11 08:42:45,544 - sqlalchemy.engine.Engine - INFO - 
DROP TABLE programming_task[0m
[32m2026-03-11 08:42:45,544 - sqlalchemy.engine.Engine - INFO - [no key 0.00018s] ()[0m
[32m2026-03-11 08:42:45,551 - sqlalchemy.engine.Engine - INFO - 
DROP TABLE catalog_test[0m
[32m2026-03-11 08:42:45,551 - sqlalchemy.engine.Engine - INFO - [no key 0.00017s] ()[0m
[32m2026-03-11 08:42:45,561 - sqlalchemy.engine.Engine - INFO - 
DROP TABLE task_status_log[0m
[32m2026-03-11 08:42:45,561 - sqlalchemy.engine.Engine - INFO - [no key 0.00018s] ()[0m
[32m2026-03-11 08:42:45,569 - sqlalchemy.engine.Engine - INFO - 
DROP TABLE record_stopwatch[0m
[32m2026-03-11 08:42:45,569 - sqlalchemy.engine.Engine - INFO - [no key 0.00019s] ()[0m
[32m2026-03-11 08:42:45,578 - sqlalchemy.engine.Engine - INFO - 
DROP TABLE stopwatch[0m
[32m2026-03-11 08:42:45,579 - sqlalchemy.engine.Engine - INFO - [no key 0.00020s] ()[0m
[32m2026-03-11 08:42:45,591 - sqlalchemy.engine.Engine - INFO - 
DROP TABLE programming[0m
[32m2026-03-11 08:42:45,591 - sqlalchemy.engine.Engine - INFO - [no key 0.00036s] ()[0m
[32m2026-03-11 08:42:45,603 - sqlalchemy.engine.Engine - INFO - 
[...]
[32m2026-03-11 08:42:47,287 - sqlalchemy.engine.Engine - INFO - PRAGMA main.table_info("qc_manual")[0m
[32m2026-03-11 08:42:47,287 - sqlalchemy.engine.Engine - INFO - [raw sql] ()[0m
[32m2026-03-11 08:42:47,288 - sqlalchemy.engine.Engine - INFO - PRAGMA main.table_info("qc_manual_chapter")[0m
[32m2026-03-11 08:42:47,288 - sqlalchemy.engine.Engine - INFO - [raw sql] ()[0m
[32m2026-03-11 08:42:47,288 - sqlalchemy.engine.Engine - INFO - PRAGMA main.table_info("preparation")[0m
[32m2026-03-11 08:42:47,288 - sqlalchemy.engine.Engine - INFO - [raw sql] ()[0m
[32m2026-03-11 08:42:47,288 - sqlalchemy.engine.Engine - INFO - PRAGMA main.table_info("task_team_association")[0m
[32m2026-03-11 08:42:47,288 - sqlalchemy.engine.Engine - INFO - [raw sql] ()[0m
[32m2026-03-11 08:42:47,289 - sqlalchemy.engine.Engine - INFO - PRAGMA main.table_info("user_teams")[0m
[32m2026-03-11 08:42:47,289 - sqlalchemy.engine.Engine - INFO - [raw sql] ()[0m
[32m2026-03-11 08:42:47,289 - sqlalchemy.engine.Engine - INFO - PRAGMA main.table_info("teams")[0m
[32m2026-03-11 08:42:47,289 - sqlalchemy.engine.Engine - INFO - [raw sql] ()[0m
[32m2026-03-11 08:42:47,289 - sqlalchemy.engine.Engine - INFO - PRAGMA main.table_info("programming_task")[0m
[32m2026-03-11 08:42:47,290 - sqlalchemy.engine.Engine - INFO - [raw sql] ()[0m
[32m2026-03-11 08:42:47,290 - sqlalchemy.engine.Engine - INFO - PRAGMA main.table_info("programming")[0m
[32m2026-03-11 08:42:47,290 - sqlalchemy.engine.Engine - INFO - [raw sql] ()[0m
[32m2026-03-11 08:42:47,291 - sqlalchemy.engine.Engine - INFO - PRAGMA main.table_info("task")[0m
[32m2026-03-11 08:42:47,291 - sqlalchemy.engine.Engine - INFO - [raw sql] ()[0m
[32m2026-03-11 08:42:47,291 - sqlalchemy.engine.Engine - INFO - PRAGMA main.table_info("task_creation_notification")[0m
[32m2026-03-11 08:42:47,291 - sqlalchemy.engine.Engine - INFO - [raw sql] ()[0m
[32m2026-03-11 08:42:47,291 - sqlalchemy.engine.Engine - INFO - PRAGMA main.table_info("stopwatch")[0m
[32m2026-03-11 08:42:47,292 - sqlalchemy.engine.Engine - INFO - [raw sql] ()[0m
[32m2026-03-11 08:42:47,292 - sqlalchemy.engine.Engine - INFO - PRAGMA main.table_info("record_stopwatch")[0m
[32m2026-03-11 08:42:47,292 - sqlalchemy.engine.Engine - INFO - [raw sql] ()[0m
[32m2026-03-11 08:42:47,293 - sqlalchemy.engine.Engine - INFO - PRAGMA main.table_info("test_record")[0m
[32m2026-03-11 08:42:47,293 - sqlalchemy.engine.Engine - INFO - [raw sql] ()[0m
[32m2026-03-11 08:42:47,293 - sqlalchemy.engine.Engine - INFO - PRAGMA main.table_info("warehouse_history")[0m
[32m2026-03-11 08:42:47,293 - sqlalchemy.engine.Engine - INFO - [raw sql] ()[0m
[32m2026-03-11 08:42:47,294 - sqlalchemy.engine.Engine - INFO - PRAGMA main.table_info("task_status_log")[0m
[32m2026-03-11 08:42:47,294 - sqlalchemy.engine.Engine - INFO - [raw sql] ()[0m
[32m2026-03-11 08:42:47,294 - sqlalchemy.engine.Engine - INFO - PRAGMA main.table_info("order_surplus")[0m
[32m2026-03-11 08:42:47,294 - sqlalchemy.engine.Engine - INFO - [raw sql] ()[0m
[32m2026-03-11 08:42:47,294 - sqlalchemy.engine.Engine - INFO - PRAGMA main.table_info("quality_manual")[0m
[32m2026-03-11 08:42:47,294 - sqlalchemy.engine.Engine - INFO - [raw sql] ()[0m
[32m2026-03-11 08:42:47,295 - sqlalchemy.engine.Engine - INFO - PRAGMA main.table_info("test_results")[0m
[32m2026-03-11 08:42:47,295 - sqlalchemy.engine.Engine - INFO - [raw sql] ()[0m
[32m2026-03-11 08:42:47,295 - sqlalchemy.engine.Engine - INFO - PRAGMA main.table_info("catalog_test_question")[0m
[32m2026-03-11 08:42:47,295 - sqlalchemy.engine.Engine - INFO - [raw sql] ()[0m
[32m2026-03-11 08:42:47,295 - sqlalchemy.engine.Engine - INFO - PRAGMA main.table_info("history_comparison")[0m
[32m2026-03-11 08:42:47,295 - sqlalchemy.engine.Engine - INFO - [raw sql] ()[0m
[32m2026-03-11 08:42:47,296 - sqlalchemy.engine.Engine - INFO - PRAGMA main.table_info("historico_comparacion_fechas")[0m
[32m2026-03-11 08:42:47,296 - sqlalchemy.engine.Engine - INFO - [raw sql] ()[0m
[32m2026-03-11 08:42:47,296 - sqlalchemy.engine.Engine - INFO - 
DROP TABLE code_test_parameter_specification[0m
[32m2026-03-11 08:42:47,296 - sqlalchemy.engine.Engine - INFO - [no key 0.00012s] ()[0m
[32m2026-03-11 08:42:47,309 - sqlalchemy.engine.Engine - INFO - 
DROP TABLE catalog_test_question[0m
[32m2026-03-11 08:42:47,310 - sqlalchemy.engine.Engine - INFO - [no key 0.00023s] ()[0m
[32m2026-03-11 08:42:47,321 - sqlalchemy.engine.Engine - INFO - 
DROP TABLE test_results[0m
[32m2026-03-11 08:42:47,322 - sqlalchemy.engine.Engine - INFO - [no key 0.00020s] ()[0m
[32m2026-03-11 08:42:47,333 - sqlalchemy.engine.Engine - INFO - 
DROP TABLE code_test[0m
[32m2026-03-11 08:42:47,333 - sqlalchemy.engine.Engine - INFO - [no key 0.00018s] ()[0m
[32m2026-03-11 08:42:47,344 - sqlalchemy.engine.Engine - INFO - 
DROP TABLE programming_task[0m
[32m2026-03-11 08:42:47,345 - sqlalchemy.engine.Engine - INFO - [no key 0.00030s] ()[0m
[32m2026-03-11 08:42:47,356 - sqlalchemy.engine.Engine - INFO - 
DROP TABLE catalog_test[0m
[32m2026-03-11 08:42:47,356 - sqlalchemy.engine.Engine - INFO - [no key 0.00022s] ()[0m
[32m2026-03-11 08:42:47,367 - sqlalchemy.engine.Engine - INFO - 
DROP TABLE task_status_log[0m
[32m2026-03-11 08:42:47,367 - sqlalchemy.engine.Engine - INFO - [no key 0.00017s] ()[0m
[32m2026-03-11 08:42:47,380 - sqlalchemy.engine.Engine - INFO - 
DROP TABLE record_stopwatch[0m
[32m2026-03-11 08:42:47,380 - sqlalchemy.engine.Engine - INFO - [no key 0.00026s] ()[0m
[32m2026-03-11 08:42:47,392 - sqlalchemy.engine.Engine - INFO - 
DROP TABLE stopwatch[0m
[32m2026-03-11 08:42:47,392 - sqlalchemy.engine.Engine - INFO - [no key 0.00018s] ()[0m
[32m2026-03-11 08:42:47,404 - sqlalchemy.engine.Engine - INFO - 
DROP TABLE programming[0m
[32m2026-03-11 08:42:47,404 - sqlalchemy.engine.Engine - INFO - [no key 0.00019s] ()[0m
[32m2026-03-11 08:42:47,416 - sqlalchemy.engine.Engine - INFO - 
DROP TABLE user_teams[0m
[32m2026-03-11 08:42:47,416 - sqlalchemy.engine.Engine - INFO - [no key 0.00018s] ()[0m
[32m2026-03-11 08:42:47,427 - sqlalchemy.engine.Engine - INFO - 
DROP TABLE task_team_association[0m
[32m2026-03-11 08:42:47,428 - sqlalchemy.engine.Engine - INFO - [no key 0.00019s] ()[0m
[32m2026-03-11 08:42:47,439 - sqlalchemy.engine.Engine - INFO - 
DROP TABLE qc_manual_chapter[0m
[32m2026-03-11 08:42:47,439 - sqlalchemy.engine.Engine - INFO - [no key 0.00018s] ()[0m
[32m2026-03-11 08:42:47,451 - sqlalchemy.engine.Engine - INFO - 
DROP TABLE order_surplus[0m
[32m2026-03-11 08:42:47,452 - sqlalchemy.engine.Engine - INFO - [no key 0.00018s] ()[0m
[32m2026-03-11 08:42:47,463 - sqlalchemy.engine.Engine - INFO - 
DROP TABLE warehouse_history[0m
[32m2026-03-11 08:42:47,464 - sqlalchemy.engine.Engine - INFO - [no key 0.00019s] ()[0m
[32m2026-03-11 08:42:47,475 - sqlalchemy.engine.Engine - INFO - 
DROP TABLE test_record[0m
[32m2026-03-11 08:42:47,475 - sqlalchemy.engine.Engine - INFO - [no key 0.00028s] ()[0m
[32m2026-03-11 08:42:47,487 - sqlalchemy.engine.Engine - INFO - 
DROP TABLE task[0m
[32m2026-03-11 08:42:47,487 - sqlalchemy.engine.Engine - INFO - [no key 0.00025s] ()[0m
[32m2026-03-11 08:42:47,498 - sqlalchemy.engine.Engine - INFO - 
DROP TABLE teams[0m
[32m2026-03-11 08:42:47,499 - sqlalchemy.engine.Engine - INFO - [no key 0.00021s] ()[0m
[32m2026-03-11 08:42:47,510 - sqlalchemy.engine.Engine - INFO - 
DROP TABLE qc_manual[0m
[32m2026-03-11 08:42:47,510 - sqlalchemy.engine.Engine - INFO - [no key 0.00019s] ()[0m
[32m2026-03-11 08:42:47,522 - sqlalchemy.engine.Engine - INFO - 
DROP TABLE historico_comparacion_fechas[0m
[32m2026-03-11 08:42:47,522 - sqlalchemy.engine.Engine - INFO - [no key 0.00018s] ()[0m
[32m2026-03-11 08:42:47,534 - sqlalchemy.engine.Engine - INFO - 
DROP TABLE history_comparison[0m
[32m2026-03-11 08:42:47,534 - sqlalchemy.engine.Engine - INFO - [no key 0.00022s] ()[0m
[32m2026-03-11 08:42:47,546 - sqlalchemy.engine.Engine - INFO - 
DROP TABLE quality_manual[0m
[32m2026-03-11 08:42:47,546 - sqlalchemy.engine.Engine - INFO - [no key 0.00027s] ()[0m
[32m2026-03-11 08:42:47,558 - sqlalchemy.engine.Engine - INFO - 
DROP TABLE task_creation_notification[0m
[32m2026-03-11 08:42:47,558 - sqlalchemy.engine.Engine - INFO - [no key 0.00024s] ()[0m
[32m2026-03-11 08:42:47,570 - sqlalchemy.engine.Engine - INFO - 
DROP TABLE preparation[0m
[32m2026-03-11 08:42:47,570 - sqlalchemy.engine.Engine - INFO - [no key 0.00023s] ()[0m
[32m2026-03-11 08:42:47,582 - sqlalchemy.engine.Engine - INFO - 
DROP TABLE "order"[0m
[32m2026-03-11 08:42:47,582 - sqlalchemy.engine.Engine - INFO - [no key 0.00020s] ()[0m
[32m2026-03-11 08:42:47,593 - sqlalchemy.engine.Engine - INFO - 
DROP TABLE code[0m
[32m2026-03-11 08:42:47,593 - sqlalchemy.engine.Engine - INFO - [no key 0.00018s] ()[0m
[32m2026-03-11 08:42:47,605 - sqlalchemy.engine.Engine - INFO - 
DROP TABLE daily_available[0m
[32m2026-03-11 08:42:47,606 - sqlalchemy.engine.Engine - INFO - [no key 0.00017s] ()[0m
[32m2026-03-11 08:42:47,616 - sqlalchemy.engine.Engine - INFO - 
DROP TABLE users[0m
[32m2026-03-11 08:42:47,617 - sqlalchemy.engine.Engine - INFO - [no key 0.00028s] ()[0m
[32m2026-03-11 08:42:47,629 - sqlalchemy.engine.Engine - INFO - COMMIT[0m
[32m2026-03-11 08:42:47,629 - app.main - INFO - Finalizando ApiSchedule[0m
---------------------------- Captured log teardown ----------------------------
INFO     sqlalchemy.engine.Engine:base.py:2705 ROLLBACK
INFO     sqlalchemy.engine.Engine:base.py:2702 BEGIN (implicit)
INFO     sqlalchemy.engine.Engine:base.py:1846 PRAGMA main.table_info("users")
INFO     sqlalchemy.engine.Engine:base.py:1846 [raw sql] ()
INFO     sqlalchemy.engine.Engine:base.py:1846 PRAGMA main.table_info("daily_available")
INFO     sqlalchemy.engine.Engine:base.py:1846 [raw sql] ()
INFO     sqlalchemy.engine.Engine:base.py:1846 PRAGMA main.table_info("catalog_test")
INFO     sqlalchemy.engine.Engine:base.py:1846 [raw sql] ()
INFO     sqlalchemy.engine.Engine:base.py:1846 PRAGMA main.table_info("code")
INFO     sqlalchemy.engine.Engine:base.py:1846 [raw sql] ()
INFO     sqlalchemy.engine.Engine:base.py:1846 PRAGMA main.table_info("code_test")
INFO     sqlalchemy.engine.Engine:base.py:1846 [raw sql] ()
INFO     sqlalchemy.engine.Engine:base.py:1846 PRAGMA main.table_info("order")
INFO     sqlalchemy.engine.Engine:base.py:1846 [raw sql] ()
INFO     sqlalchemy.engine.Engine:base.py:1846 PRAGMA main.table_info("code_test_parameter_specification")
INFO     sqlalchemy.engine.Engine:base.py:1846 [raw sql] ()
INFO     sqlalchemy.engine.Engine:base.py:1846 PRAGMA main.table_info("qc_manual")
INFO     sqlalchemy.engine.Engine:base.py:1846 [raw sql] ()
INFO     sqlalchemy.engine.Engine:base.py:1846 PRAGMA main.table_info("qc_manual_chapter")
INFO     sqlalchemy.engine.Engine:base.py:1846 [raw sql] ()
INFO     sqlalchemy.engine.Engine:base.py:1846 PRAGMA main.table_info("preparation")
INFO     sqlalchemy.engine.Engine:base.py:1846 [raw sql] ()
INFO     sqlalchemy.engine.Engine:base.py:1846 PRAGMA main.table_info("task_team_association")
INFO     sqlalchemy.engine.Engine:base.py:1846 [raw sql] ()
INFO     sqlalchemy.engine.Engine:base.py:1846 PRAGMA main.table_info("user_teams")
INFO     sqlalchemy.engine.Engine:base.py:1846 [raw sql] ()
INFO     sqlalchemy.engine.Engine:base.py:1846 PRAGMA main.table_info("teams")
INFO     sqlalchemy.engine.Engine:base.py:1846 [raw sql] ()
INFO     sqlalchemy.engine.Engine:base.py:1846 PRAGMA main.table_info("programming_task")
INFO     sqlalchemy.engine.Engine:base.py:1846 [raw sql] ()
INFO     sqlalchemy.engine.Engine:base.py:1846 PRAGMA main.table_info("programming")
INFO     sqlalchemy.engine.Engine:base.py:1846 [raw sql] ()
INFO     sqlalchemy.engine.Engine:base.py:1846 PRAGMA main.table_info("task")
INFO     sqlalchemy.engine.Engine:base.py:1846 [raw sql] ()
INFO     sqlalchemy.engine.Engine:base.py:1846 PRAGMA main.table_info("task_creation_notification")
INFO     sqlalchemy.engine.Engine:base.py:1846 [raw sql] ()
INFO     sqlalchemy.engine.Engine:base.py:1846 PRAGMA main.table_info("stopwatch")
INFO     sqlalchemy.engine.Engine:base.py:1846 [raw sql] ()
INFO     sqlalchemy.engine.Engine:base.py:1846 PRAGMA main.table_info("record_stopwatch")
INFO     sqlalchemy.engine.Engine:base.py:1846 [raw sql] ()
INFO     sqlalchemy.engine.Engine:base.py:1846 PRAGMA main.table_info("test_record")
INFO     sqlalchemy.engine.Engine:base.py:1846 [raw sql] ()
INFO     sqlalchemy.engine.Engine:base.py:1846 PRAGMA main.table_info("warehouse_history")
INFO     sqlalchemy.engine.Engine:base.py:1846 [raw sql] ()
INFO     sqlalchemy.engine.Engine:base.py:1846 PRAGMA main.table_info("task_status_log")
INFO     sqlalchemy.engine.Engine:base.py:1846 [raw sql] ()
INFO     sqlalchemy.engine.Engine:base.py:1846 PRAGMA main.table_info("order_surplus")
INFO     sqlalchemy.engine.Engine:base.py:1846 [raw sql] ()
INFO     sqlalchemy.engine.Engine:base.py:1846 PRAGMA main.table_info("quality_manual")
INFO     sqlalchemy.engine.Engine:base.py:1846 [raw sql] ()
INFO     sqlalchemy.engine.Engine:base.py:1846 PRAGMA main.table_info("test_results")
INFO     sqlalchemy.engine.Engine:base.py:1846 [raw sql] ()
INFO     sqlalchemy.engine.Engine:base.py:1846 PRAGMA main.table_info("catalog_test_question")
INFO     sqlalchemy.engine.Engine:base.py:1846 [raw sql] ()
INFO     sqlalchemy.engine.Engine:base.py:1846 PRAGMA main.table_info("history_comparison")
INFO     sqlalchemy.engine.Engine:base.py:1846 [raw sql] ()
INFO     sqlalchemy.engine.Engine:base.py:1846 PRAGMA main.table_info("historico_comparacion_fechas")
INFO     sqlalchemy.engine.Engine:base.py:1846 [raw sql] ()
INFO     sqlalchemy.engine.Engine:base.py:1846 
DROP TABLE code_test_parameter_specification
INFO     sqlalchemy.engine.Engine:base.py:1846 [no key 0.00012s] ()
INFO     sqlalchemy.engine.Engine:base.py:1846 
DROP TABLE catalog_test_question
INFO     sqlalchemy.engine.Engine:base.py:1846 [no key 0.00023s] ()
INFO     sqlalchemy.engine.Engine:base.py:1846 
DROP TABLE test_results
INFO     sqlalchemy.engine.Engine:base.py:1846 [no key 0.00020s] ()
INFO     sqlalchemy.engine.Engine:base.py:1846 
DROP TABLE code_test
INFO     sqlalchemy.engine.Engine:base.py:1846 [no key 0.00018s] ()
INFO     sqlalchemy.engine.Engine:base.py:1846 
DROP TABLE programming_task
INFO     sqlalchemy.engine.Engine:base.py:1846 [no key 0.00030s] ()
INFO     sqlalchemy.engine.Engine:base.py:1846 
DROP TABLE catalog_test
INFO     sqlalchemy.engine.Engine:base.py:1846 [no key 0.00022s] ()
INFO     sqlalchemy.engine.Engine:base.py:1846 
DROP TABLE task_status_log
INFO     sqlalchemy.engine.Engine:base.py:1846 [no key 0.00017s] ()
INFO     sqlalchemy.engine.Engine:base.py:1846 
DROP TABLE record_stopwatch
INFO     sqlalchemy.engine.Engine:base.py:1846 [no key 0.00026s] ()
INFO     sqlalchemy.engine.Engine:base.py:1846 
DROP TABLE stopwatch
INFO     sqlalchemy.engine.Engine:base.py:1846 [no key 0.00018s] ()
INFO     sqlalchemy.engine.Engine:base.py:1846 
DROP TABLE programming
INFO     sqlalchemy.engine.Engine:base.py:1846 [no key 0.00019s] ()
INFO     sqlalchemy.engine.Engine:base.py:1846 
DROP TABLE user_teams
INFO     sqlalchemy.engine.Engine:base.py:1846 [no key 0.00018s] ()
INFO     sqlalchemy.engine.Engine:base.py:1846 
DROP TABLE task_team_association
INFO     sqlalchemy.engine.Engine:base.py:1846 [no key 0.00019s] ()
INFO     sqlalchemy.engine.Engine:base.py:1846 
DROP TABLE qc_manual_chapter
INFO     sqlalchemy.engine.Engine:base.py:1846 [no key 0.00018s] ()
INFO     sqlalchemy.engine.Engine:base.py:1846 
DROP TABLE order_surplus
INFO     sqlalchemy.engine.Engine:base.py:1846 [no key 0.00018s] ()
INFO     sqlalchemy.engine.Engine:base.py:1846 
DROP TABLE warehouse_history
INFO     sqlalchemy.engine.Engine:base.py:1846 [no key 0.00019s] ()
INFO     sqlalchemy.engine.Engine:base.py:1846 
DROP TABLE test_record
INFO     sqlalchemy.engine.Engine:base.py:1846 [no key 0.00028s] ()
INFO     sqlalchemy.engine.Engine:base.py:1846 
DROP TABLE task
INFO     sqlalchemy.engine.Engine:base.py:1846 [no key 0.00025s] ()
INFO     sqlalchemy.engine.Engine:base.py:1846 
DROP TABLE teams
INFO     sqlalchemy.engine.Engine:base.py:1846 [no key 0.00021s] ()
INFO     sqlalchemy.engine.Engine:base.py:1846 
DROP TABLE qc_manual
INFO     sqlalchemy.engine.Engine:base.py:1846 [no key 0.00019s] ()
INFO     sqlalchemy.engine.Engine:base.py:1846 
DROP TABLE historico_comparacion_fechas
INFO     sqlalchemy.engine.Engine:base.py:1846 [no key 0.00018s] ()
INFO     sqlalchemy.engine.Engine:base.py:1846 
DROP TABLE history_comparison
INFO     sqlalchemy.engine.Engine:base.py:1846 [no key 0.00022s] ()
INFO     sqlalchemy.engine.Engine:base.py:1846 
DROP TABLE quality_manual
INFO     sqlalchemy.engine.Engine:base.py:1846 [no key 0.00027s] ()
INFO     sqlalchemy.engine.Engine:base.py:1846 
DROP TABLE task_creation_notification
INFO     sqlalchemy.engine.Engine:base.py:1846 [no key 0.00024s] ()
INFO     sqlalchemy.engine.Engine:base.py:1846 
DROP TABLE preparation
INFO     sqlalchemy.engine.Engine:base.py:1846 [no key 0.00023s] ()
INFO     sqlalchemy.engine.Engine:base.py:1846 
DROP TABLE "order"
INFO     sqlalchemy.engine.Engine:base.py:1846 [no key 0.00020s] ()
INFO     sqlalchemy.engine.Engine:base.py:1846 
DROP TABLE code
INFO     sqlalchemy.engine.Engine:base.py:1846 [no key 0.00018s] ()
INFO     sqlalchemy.engine.Engine:base.py:1846 
DROP TABLE daily_available
INFO     sqlalchemy.engine.Engine:base.py:1846 [no key 0.00017s] ()
INFO     sqlalchemy.engine.Engine:base.py:1846 
DROP TABLE users
INFO     sqlalchemy.engine.Engine:base.py:1846 [no key 0.00028s] ()
INFO     sqlalchemy.engine.Engine:base.py:2708 COMMIT
INFO     app.main:main.py:74 Finalizando ApiSchedule
============================== warnings summary ===============================
..\..\..\..\..\AppData\Local\Programs\Python\Python313\Lib\site-packages\pydantic\_internal\_config.py:323
..\..\..\..\..\AppData\Local\Programs\Python\Python313\Lib\site-packages\pydantic\_internal\_config.py:323
..\..\..\..\..\AppData\Local\Programs\Python\Python313\Lib\site-packages\pydantic\_internal\_config.py:323
  C:\Users\PC IT\AppData\Local\Programs\Python\Python313\Lib\site-packages\pydantic\_internal\_config.py:323: PydanticDeprecatedSince20: Support for class-based `config` is deprecated, use ConfigDict instead. Deprecated in Pydantic V2.0 to be removed in V3.0. See Pydantic V2 Migration Guide at https://errors.pydantic.dev/2.11/migration/
    warnings.warn(DEPRECATION_MESSAGE, DeprecationWarning)

app/tests/verify_quantity_fix.py::test_update_task_real_quantity_success
app/tests/verify_quantity_fix.py::test_toggle_task_status_success
app/tests/verify_quantity_fix.py::test_update_task_real_quantity_not_found
  C:\Users\PC IT\Desktop\Aplicaciones\Programaciones\backend\ApiSchedule\app\shared\utils\security\jwt.py:22: DeprecationWarning: datetime.datetime.utcnow() is deprecated and scheduled for removal in a future version. Use timezone-aware objects to represent datetimes in UTC: datetime.datetime.now(datetime.UTC).
    expire = datetime.utcnow() + (expires_delta or timedelta(minutes=ACCESS_TOKEN_EXPIRE_MINUTES))

-- Docs: https://docs.pytest.org/en/stable/how-to/capture-warnings.html
=========================== short test summary info ===========================
FAILED app/tests/verify_quantity_fix.py::test_update_task_real_quantity_success - assert 503 == 200
 +  where 503 = <Response [503 Service Unavailable]>.status_code
FAILED app/tests/verify_quantity_fix.py::test_toggle_task_status_success - assert 503 == 200
 +  where 503 = <Response [503 Service Unavailable]>.status_code
FAILED app/tests/verify_quantity_fix.py::test_update_task_real_quantity_not_found - assert 503 == 404
 +  where 503 = <Response [503 Service Unavailable]>.status_code
======================== 3 failed, 6 warnings in 3.29s ========================
